This is pdfTeX, Version 3.1415926-1.40.11 (MiKTeX 2.9) (preloaded format=latex 2011.8.29)  29 AUG 2011 21:22
entering extended mode
**Thesis*-*draft*v4.tex
("C:\doc\Szko³a\MSc\tex\Thesis - draft v4.tex"
LaTeX2e <2009/09/24>
Babel <v3.8l> and hyphenation patterns for english, afrikaans, ancientgreek, ar
abic, armenian, assamese, basque, bengali, bokmal, bulgarian, catalan, coptic, 
croatian, czech, danish, dutch, esperanto, estonian, farsi, finnish, french, ga
lician, german, german-x-2009-06-19, greek, gujarati, hindi, hungarian, iceland
ic, indonesian, interlingua, irish, italian, kannada, kurmanji, lao, latin, lat
vian, lithuanian, malayalam, marathi, mongolian, mongolianlmc, monogreek, ngerm
an, ngerman-x-2009-06-19, nynorsk, oriya, panjabi, pinyin, polish, portuguese, 
romanian, russian, sanskrit, serbian, slovak, slovenian, spanish, swedish, swis
sgerman, tamil, telugu, turkish, turkmen, ukenglish, ukrainian, uppersorbian, u
senglishmax, welsh, loaded.
("C:\Program Files\MiKTeX 2.9\tex\latex\base\article.cls"
Document Class: article 2007/10/19 v1.4h Standard LaTeX document class
("C:\Program Files\MiKTeX 2.9\tex\latex\base\size12.clo"
File: size12.clo 2007/10/19 v1.4h Standard LaTeX file (size option)
)
\c@part=\count79
\c@section=\count80
\c@subsection=\count81
\c@subsubsection=\count82
\c@paragraph=\count83
\c@subparagraph=\count84
\c@figure=\count85
\c@table=\count86
\abovecaptionskip=\skip41
\belowcaptionskip=\skip42
\bibindent=\dimen102
)
("C:\Program Files\MiKTeX 2.9\tex\latex\preprint\fullpage.sty"
Package: fullpage 1999/02/23 1.1 (PWD)
\FP@margin=\skip43
)
("C:\Program Files\MiKTeX 2.9\tex\latex\graphics\graphicx.sty"
Package: graphicx 1999/02/16 v1.0f Enhanced LaTeX Graphics (DPC,SPQR)

("C:\Program Files\MiKTeX 2.9\tex\latex\graphics\keyval.sty"
Package: keyval 1999/03/16 v1.13 key=value parser (DPC)
\KV@toks@=\toks14
)
("C:\Program Files\MiKTeX 2.9\tex\latex\graphics\graphics.sty"
Package: graphics 2009/02/05 v1.0o Standard LaTeX Graphics (DPC,SPQR)

("C:\Program Files\MiKTeX 2.9\tex\latex\graphics\trig.sty"
Package: trig 1999/03/16 v1.09 sin cos tan (DPC)
)
("C:\Program Files\MiKTeX 2.9\tex\latex\00miktex\graphics.cfg"
File: graphics.cfg 2007/01/18 v1.5 graphics configuration of teTeX/TeXLive
)
Package graphics Info: Driver file: dvips.def on input line 91.

("C:\Program Files\MiKTeX 2.9\tex\latex\graphics\dvips.def"
File: dvips.def 1999/02/16 v3.0i Driver-dependant file (DPC,SPQR)
))
\Gin@req@height=\dimen103
\Gin@req@width=\dimen104
)
("C:\Program Files\MiKTeX 2.9\tex\latex\natbib\natbib.sty"
Package: natbib 2010/09/13 8.31b (PWD, AO)
\bibhang=\skip44
\bibsep=\skip45
LaTeX Info: Redefining \cite on input line 694.
\c@NAT@ctr=\count87
)
("C:\Program Files\MiKTeX 2.9\tex\latex\maple2e\maple2e.sty"
Package: maple2e 1998/09/21 v1.15
Package: maple2e 1998/09/21 maple2eMaple Latex Style Package -- 1998/09/21 mapl
e2e
("C:\Program Files\MiKTeX 2.9\tex\latex\maple2e\mapleenv.sty"
Package: mapleenv 1998/09/19 -- Maple Environments -- mapleenv.sty 

Defining Standard Maple Environemnts
("C:\Program Files\MiKTeX 2.9\tex\latex\maple2e\mapleutil.sty"
Package: mapleutil 1998/09/19 -- Maple Style Utilities

Defining Maple Utility Macros
\@MapleTabSize=\dimen105
\MapleListCorrection=\toks15
) ("C:\Program Files\MiKTeX 2.9\tex\latex\maple2e\mapleenv.def"
\AboveMapleSkip=\skip46
\BelowMapleSkip=\skip47
\LeftMapleSkip=\dimen106
\AboveMaplePlot=\skip48
\BelowMaplePlot=\skip49
\MaplePlotHeight=\dimen107
\MaplePlotWidth=\dimen108
\MaplePlotHeight@Fudge=\dimen109
\MaplePlotWidth@Fudge=\dimen110
\MapleSepLineWidth=\dimen111
\MapleTab=\count88
\MaplePromptString=\toks16
\MaplePromptSecondary=\toks17
\MapleSepLineHeight=\dimen112
)
\newleftskip=\skip50
\mapleinputbox=\box26
\maplebox=\box27
\Tab=\dimen113
\@inlinebox=\box28
\cellwidth=\dimen114
)
("C:\Program Files\MiKTeX 2.9\tex\latex\maple2e\mapletab.sty"
Package: mapletab 1998/09/19 -- Maple Spreadsheets

Defining Maple Spreadsheet Environemnts
Maple Spreadsheet and Table Support
\multilinesep=\dimen115
\@linebuffer=\box29
\@currentline=\box30
\@linebufferwidth=\dimen116
\EndMultiLine=\toks18
) ("C:\Program Files\MiKTeX 2.9\tex\latex\maple2e\mapleplots.sty"
Package: mapleplots 1998/09/19 -- Maple Plotting Macros

Defining Maple Plot Environemnts
 ...Defaults to "dvips" Driver 
("C:\Program Files\MiKTeX 2.9\tex\latex\graphics\epsfig.sty"
Package: epsfig 1999/02/16 v1.7a (e)psfig emulation (SPQR)
\epsfxsize=\dimen117
\epsfysize=\dimen118
))
("C:\Program Files\MiKTeX 2.9\tex\latex\maple2e\maplestyle.sty"
Package: maplestyle 1998/09/19 -- Maple Environments -- mapleenv.sty 

Defining Automatic Style Generation Macros
\maplettybox=\box31
)) ("C:\Program Files\MiKTeX 2.9\tex\latex\ams\math\amsmath.sty"
Package: amsmath 2000/07/18 v2.13 AMS math features
\@mathmargin=\skip51

For additional information on amsmath, use the `?' option.
("C:\Program Files\MiKTeX 2.9\tex\latex\ams\math\amstext.sty"
Package: amstext 2000/06/29 v2.01

("C:\Program Files\MiKTeX 2.9\tex\latex\ams\math\amsgen.sty"
File: amsgen.sty 1999/11/30 v2.0
\@emptytoks=\toks19
\ex@=\dimen119
))
("C:\Program Files\MiKTeX 2.9\tex\latex\ams\math\amsbsy.sty"
Package: amsbsy 1999/11/29 v1.2d
\pmbraise@=\dimen120
)
("C:\Program Files\MiKTeX 2.9\tex\latex\ams\math\amsopn.sty"
Package: amsopn 1999/12/14 v2.01 operator names
)
\inf@bad=\count89
LaTeX Info: Redefining \frac on input line 211.
\uproot@=\count90
\leftroot@=\count91
LaTeX Info: Redefining \overline on input line 307.
\classnum@=\count92
\DOTSCASE@=\count93
LaTeX Info: Redefining \ldots on input line 379.
LaTeX Info: Redefining \dots on input line 382.
LaTeX Info: Redefining \cdots on input line 467.
\Mathstrutbox@=\box32
\strutbox@=\box33
\big@size=\dimen121
LaTeX Font Info:    Redeclaring font encoding OML on input line 567.
LaTeX Font Info:    Redeclaring font encoding OMS on input line 568.
\macc@depth=\count94
\c@MaxMatrixCols=\count95
\dotsspace@=\muskip10
\c@parentequation=\count96
\dspbrk@lvl=\count97
\tag@help=\toks20
\row@=\count98
\column@=\count99
\maxfields@=\count100
\andhelp@=\toks21
\eqnshift@=\dimen122
\alignsep@=\dimen123
\tagshift@=\dimen124
\tagwidth@=\dimen125
\totwidth@=\dimen126
\lineht@=\dimen127
\@envbody=\toks22
\multlinegap=\skip52
\multlinetaggap=\skip53
\mathdisplay@stack=\toks23
LaTeX Info: Redefining \[ on input line 2666.
LaTeX Info: Redefining \] on input line 2667.
)
("C:\Program Files\MiKTeX 2.9\tex\generic\babel\babel.sty"
Package: babel 2008/07/06 v3.8l The Babel package

*************************************
* Local config file bblopts.cfg used
*
("C:\Program Files\MiKTeX 2.9\tex\latex\00miktex\bblopts.cfg"
File: bblopts.cfg 2006/07/31 v1.0 MiKTeX 'babel' configuration
)
("C:\Program Files\MiKTeX 2.9\tex\generic\babel\polish.ldf"
Language: polish 2005/03/31 v1.2l Polish support from the babel system

("C:\Program Files\MiKTeX 2.9\tex\generic\babel\babel.def"
File: babel.def 2008/07/06 v3.8l Babel common definitions
\babel@savecnt=\count101
\U@D=\dimen128
)
Package babel Info: Making " an active character on input line 83.
\pl@left=\dimen129
\pl@down=\dimen130
\pl@right=\dimen131
\pl@temp=\dimen132
)
("C:\Program Files\MiKTeX 2.9\tex\generic\babel\english.ldf"
Language: english 2005/03/30 v3.3o English support from the babel system
\l@canadian = a dialect from \language\l@american 
\l@australian = a dialect from \language\l@british 
\l@newzealand = a dialect from \language\l@british 
))
("C:\Program Files\MiKTeX 2.9\tex\latex\polski\polski.sty"
Package: polski 2008/02/24 v1.3.3 Polish language package

Document language package `polski' v1.3.3 <2008/02/24>
\l@nohyphenation=\language70
("C:\Program Files\MiKTeX 2.9\tex\latex\base\ot4enc.def"
File: ot4enc.def 2005/09/27 v1.99g Standard LaTeX file
)
LaTeX Font Info:    Overwriting math alphabet `\mathbf' in version `normal'
(Font)                  OT1/cmr/bx/n --> OT4/cmr/bx/n on input line 310.
LaTeX Font Info:    Overwriting math alphabet `\mathsf' in version `normal'
(Font)                  OT1/cmss/m/n --> OT4/cmss/m/n on input line 310.
LaTeX Font Info:    Overwriting math alphabet `\mathit' in version `normal'
(Font)                  OT1/cmr/m/it --> OT4/cmr/m/it on input line 310.
LaTeX Font Info:    Overwriting math alphabet `\mathtt' in version `normal'
(Font)                  OT1/cmtt/m/n --> OT4/cmtt/m/n on input line 310.
LaTeX Font Info:    Overwriting math alphabet `\mathsf' in version `bold'
(Font)                  OT1/cmss/bx/n --> OT4/cmss/bx/n on input line 310.
LaTeX Font Info:    Overwriting math alphabet `\mathit' in version `bold'
(Font)                  OT1/cmr/bx/it --> OT4/cmr/bx/it on input line 310.
LaTeX Font Info:    Encoding `OT1' has changed to `OT4' for symbol font
(Font)              `operators' in the math version `normal' on input line 310.

LaTeX Font Info:    Overwriting symbol font `operators' in version `normal'
(Font)                  OT1/cmr/m/n --> OT4/cmr/m/n on input line 310.
LaTeX Font Info:    Overwriting symbol font `letters' in version `normal'
(Font)                  OML/cmm/m/it --> OML/plm/m/it on input line 310.
LaTeX Font Info:    Overwriting symbol font `symbols' in version `normal'
(Font)                  OMS/cmsy/m/n --> OMS/plsy/m/n on input line 310.
LaTeX Font Info:    Overwriting symbol font `largesymbols' in version `normal'
(Font)                  OMX/cmex/m/n --> OMX/plex/m/n on input line 310.
LaTeX Font Info:    Encoding `OT1' has changed to `OT4' for symbol font
(Font)              `operators' in the math version `bold' on input line 310.
LaTeX Font Info:    Overwriting symbol font `operators' in version `bold'
(Font)                  OT1/cmr/bx/n --> OT4/cmr/bx/n on input line 310.
LaTeX Font Info:    Overwriting symbol font `letters' in version `bold'
(Font)                  OML/cmm/b/it --> OML/plm/b/it on input line 310.
LaTeX Font Info:    Overwriting symbol font `symbols' in version `bold'
(Font)                  OMS/cmsy/b/n --> OMS/plsy/b/n on input line 310.

   Switching to Polish text encoding and Polish maths fonts.
LaTeX Font Info:    Try loading font information for OT4+cmr on input line 346.

("C:\Program Files\MiKTeX 2.9\tex\latex\polski\ot4cmr.fd"
File: ot4cmr.fd 2008/02/24 v1.2.1 Font defs for fonts PL (MW)
)
LaTeX Font Info:    Overwriting math alphabet `\mathbf' in version `normal'
(Font)                  OT4/cmr/bx/n --> OT4/cmr/bx/n on input line 346.
LaTeX Font Info:    Overwriting math alphabet `\mathsf' in version `normal'
(Font)                  OT4/cmss/m/n --> OT4/cmss/m/n on input line 346.
LaTeX Font Info:    Overwriting math alphabet `\mathit' in version `normal'
(Font)                  OT4/cmr/m/it --> OT4/cmr/m/it on input line 346.
LaTeX Font Info:    Overwriting math alphabet `\mathtt' in version `normal'
(Font)                  OT4/cmtt/m/n --> OT4/cmtt/m/n on input line 346.
LaTeX Font Info:    Overwriting math alphabet `\mathsf' in version `bold'
(Font)                  OT4/cmss/bx/n --> OT4/cmss/bx/n on input line 346.
LaTeX Font Info:    Overwriting math alphabet `\mathit' in version `bold'
(Font)                  OT4/cmr/bx/it --> OT4/cmr/bx/it on input line 346.
LaTeX Font Info:    Overwriting symbol font `operators' in version `normal'
(Font)                  OT4/cmr/m/n --> OT4/cmr/m/n on input line 346.
LaTeX Font Info:    Overwriting symbol font `letters' in version `normal'
(Font)                  OML/plm/m/it --> OML/plm/m/it on input line 346.
LaTeX Font Info:    Overwriting symbol font `symbols' in version `normal'
(Font)                  OMS/plsy/m/n --> OMS/plsy/m/n on input line 346.
LaTeX Font Info:    Overwriting symbol font `largesymbols' in version `normal'
(Font)                  OMX/plex/m/n --> OMX/plex/m/n on input line 346.
LaTeX Font Info:    Overwriting symbol font `operators' in version `bold'
(Font)                  OT4/cmr/bx/n --> OT4/cmr/bx/n on input line 346.
LaTeX Font Info:    Overwriting symbol font `letters' in version `bold'
(Font)                  OML/plm/b/it --> OML/plm/b/it on input line 346.
LaTeX Font Info:    Overwriting symbol font `symbols' in version `bold'
(Font)                  OMS/plsy/b/n --> OMS/plsy/b/n on input line 346.
LaTeX Font Info:    Redeclaring math symbol \xleq on input line 346.
LaTeX Font Info:    Redeclaring math symbol \xgeq on input line 346.
)
("C:\Program Files\MiKTeX 2.9\tex\latex\base\inputenc.sty"
Package: inputenc 2008/03/30 v1.1d Input encoding file
\inpenc@prehook=\toks24
\inpenc@posthook=\toks25

("C:\Program Files\MiKTeX 2.9\tex\latex\base\cp1250.def"
File: cp1250.def 2008/03/30 v1.1d Input encoding file
))
("C:\Program Files\MiKTeX 2.9\tex\latex\caption\caption.sty"
Package: caption 2011/08/18 v3.2b Customizing captions (AR)

("C:\Program Files\MiKTeX 2.9\tex\latex\caption\caption3.sty"
Package: caption3 2011/08/18 v1.3b caption3 kernel (AR)
\captionmargin=\dimen133
\captionmargin@=\dimen134
\captionwidth=\dimen135
\caption@indent=\dimen136
\caption@parindent=\dimen137
\caption@hangindent=\dimen138
)
\c@ContinuedFloat=\count102
)
("C:\doc\Szko³a\MSc\tex\Thesis - draft v4.aux")
LaTeX Font Info:    Checking defaults for OML/cmm/m/it on input line 39.
LaTeX Font Info:    ... okay on input line 39.
LaTeX Font Info:    Checking defaults for T1/cmr/m/n on input line 39.
LaTeX Font Info:    ... okay on input line 39.
LaTeX Font Info:    Checking defaults for OT1/cmr/m/n on input line 39.
LaTeX Font Info:    ... okay on input line 39.
LaTeX Font Info:    Checking defaults for OMS/cmsy/m/n on input line 39.
LaTeX Font Info:    ... okay on input line 39.
LaTeX Font Info:    Checking defaults for OMX/cmex/m/n on input line 39.
LaTeX Font Info:    ... okay on input line 39.
LaTeX Font Info:    Checking defaults for U/cmr/m/n on input line 39.
LaTeX Font Info:    ... okay on input line 39.
LaTeX Font Info:    Checking defaults for OT4/cmr/m/n on input line 39.
LaTeX Font Info:    ... okay on input line 39.
Package caption Info: Begin \AtBeginDocument code.
Package caption Info: End \AtBeginDocument code.
LaTeX Font Info:    Try loading font information for OML+plm on input line 40.

("C:\Program Files\MiKTeX 2.9\tex\latex\polski\omlplm.fd"
File: omlplm.fd 2008/02/24 v1.2.1 Font defs for fonts PL (MW)
)
LaTeX Font Info:    Try loading font information for OMS+plsy on input line 40.


("C:\Program Files\MiKTeX 2.9\tex\latex\polski\omsplsy.fd"
File: omsplsy.fd 2008/02/24 v1.2.1 Font defs for fonts PL (MW)
)
LaTeX Font Info:    Try loading font information for OMX+plex on input line 40.


("C:\Program Files\MiKTeX 2.9\tex\latex\polski\omxplex.fd"
File: omxplex.fd 2008/02/24 v1.2.1 Font defs for fonts PL (MW)
)
LaTeX Font Info:    External font `plex10' loaded for size
(Font)              <14.4> on input line 40.
LaTeX Font Info:    External font `plex10' loaded for size
(Font)              <10> on input line 40.
LaTeX Font Info:    External font `plex10' loaded for size
(Font)              <7> on input line 40.
LaTeX Font Info:    Try loading font information for OT4+cmtt on input line 50.


("C:\Program Files\MiKTeX 2.9\tex\latex\polski\ot4cmtt.fd"
File: ot4cmtt.fd 2008/02/24 v1.2.1 Font defs for fonts PL (MW)
)
Underfull \vbox (badness 10000) has occurred while \output is active []

 [1

]
LaTeX Font Info:    External font `plex10' loaded for size
(Font)              <12> on input line 63.
LaTeX Font Info:    External font `plex10' loaded for size
(Font)              <8> on input line 63.
LaTeX Font Info:    External font `plex10' loaded for size
(Font)              <6> on input line 63.

Underfull \vbox (badness 6625) has occurred while \output is active []

 [2]
LaTeX Font Info:    Try loading font information for OMS+cmr on input line 81.

("C:\Program Files\MiKTeX 2.9\tex\latex\base\omscmr.fd"
File: omscmr.fd 1999/05/25 v2.5h Standard LaTeX font definitions
)
LaTeX Font Info:    Font shape `OMS/cmr/m/n' in size <12> not available
(Font)              Font shape `OMS/cmsy/m/n' tried instead on input line 81.
 [3] [4] [5]
Overfull \hbox (42.8846pt too wide) in paragraph at lines 255--257
[][][] |
 []

[6] [7]
Overfull \hbox (141.81317pt too wide) in paragraph at lines 286--287
[][][] |
 []

[8]
Overfull \hbox (74.802pt too wide) in paragraph at lines 304--315
[][]\OT4/cmr/m/n/12 (1.3.1) $[] = [] + ([][]  [][] []) + ([][] ([][]  [][] [] [
])) + []$|
 []

[9]
Underfull \vbox (badness 10000) has occurred while \output is active []

 [10]
[11]
Underfull \vbox (badness 10000) has occurred while \output is active []

 [12]

LaTeX Font Warning: Font shape `OT4/cmtt/bx/n' in size <12> not available
(Font)              Font shape `OT4/cmtt/m/n' tried instead on input line 693.

[13]

Package natbib Warning: Citation `fakiszscan' on page 14 undefined on input lin
e 762.

LaTeX Font Info:    Font shape `OMS/cmr/bx/n' in size <12> not available
(Font)              Font shape `OMS/cmsy/b/n' tried instead on input line 812.

Overfull \hbox (18.87352pt too wide) in paragraph at lines 858--875
[]\OMS/cmsy/b/n/12 f\OT4/cmr/bx/n/12 F\OT4/cmr/m/n/12 [ []]\OMS/cmsy/m/n/12 g \
OT4/cmr/m/n/12 = [] |
 []


Underfull \vbox (badness 1590) has occurred while \output is active []

 [14]
[15]
LaTeX Font Info:    Try loading font information for OT4+cmss on input line 109
3.
 ("C:\Program Files\MiKTeX 2.9\tex\latex\polski\ot4cmss.fd"
File: ot4cmss.fd 2008/02/24 v1.2.1 Font defs for fonts PL (MW)
)
LaTeX Font Info:    Font shape `OT4/cmss/bx/it' in size <12> not available
(Font)              Font shape `OT4/cmss/bx/sl' tried instead on input line 109
3.


LaTeX Font Warning: Font shape `OT4/cmtt/bx/it' in size <12> not available
(Font)              Font shape `OT4/cmtt/m/it' tried instead on input line 1095
.

LaTeX Font Info:    Font shape `OT4/cmss/bx/it' in size <8> not available
(Font)              Font shape `OT4/cmss/bx/sl' tried instead on input line 110
0.
LaTeX Font Info:    Font shape `OT4/cmss/bx/it' in size <6> not available
(Font)              Font shape `OT4/cmss/bx/sl' tried instead on input line 110
0.
[16]
Overfull \hbox (60.2902pt too wide) in paragraph at lines 1260--1276
[][]\OT4/cmr/m/n/12 (2.2.6a) [] (2.2.6b) [] |
 []

[17] [18]
Overfull \hbox (20.35942pt too wide) in paragraph at lines 1369--1372
[][][]|
 []

[19]
Underfull \vbox (badness 10000) has occurred while \output is active []

 [20]
Overfull \hbox (48.35376pt too wide) in paragraph at lines 1548--1552
[][][]|
 []


Underfull \vbox (badness 10000) has occurred while \output is active []

 [21]
Overfull \hbox (48.35376pt too wide) in paragraph at lines 1557--1561
[][][]|
 []

[22]
Overfull \hbox (91.62567pt too wide) in paragraph at lines 1592--1593
[][][] |
 []

[23]
Overfull \hbox (3.96135pt too wide) in paragraph at lines 1748--1757
[][]\OT4/cmr/m/n/12 (2.3.5a) []* |
 []


Overfull \hbox (5.00325pt too wide) in paragraph at lines 1760--1769
[][]\OT4/cmr/m/n/12 (2.3.5b) []* |
 []


Overfull \hbox (48.35376pt too wide) in paragraph at lines 1823--1824
[][][] |
 []

[24]
Overfull \hbox (48.35376pt too wide) in paragraph at lines 1833--1834
[][][] |
 []


Overfull \hbox (197.21068pt too wide) in paragraph at lines 1877--1889
[][]\OT4/cmr/m/n/12 (2.4.1) [] |
 []

[25]
Overfull \hbox (336.68011pt too wide) in paragraph at lines 1915--1934
[][]\OT4/cmr/m/n/12 (2.4.2) [] |
 []


Overfull \hbox (80.51566pt too wide) in paragraph at lines 1959--1974
[][]\OT4/cmr/m/n/12 (2.4.3) [] |
 []


Overfull \hbox (203.18811pt too wide) in paragraph at lines 1987--2009
[][]\OT4/cmr/m/n/12 (2.4.4a) [] |
 []


Overfull \hbox (203.84088pt too wide) in paragraph at lines 2012--2034
[][]\OT4/cmr/m/n/12 (2.4.4b) [] |
 []


Overfull \hbox (85.3579pt too wide) in paragraph at lines 2049--2064
[][]\OT4/cmr/m/n/12 (2.4.5a) [] |
 []


Overfull \hbox (86.01067pt too wide) in paragraph at lines 2067--2082
[][]\OT4/cmr/m/n/12 (2.4.5b) [] |
 []

[26]
Overfull \hbox (148.44565pt too wide) in paragraph at lines 2116--2130
[][]\OT4/cmr/m/n/12 (2.4.6) [] |
 []


Overfull \hbox (252.43478pt too wide) in paragraph at lines 2141--2158
[][]\OT4/cmr/m/n/12 (2.4.7a) [] |
 []


Overfull \hbox (255.52878pt too wide) in paragraph at lines 2161--2178
[][]\OT4/cmr/m/n/12 (2.4.7b) [] |
 []

[27] [28]
Overfull \hbox (57.40005pt too wide) in paragraph at lines 2445--2460
[][]\OT4/cmr/m/n/12 (2.5.9a) [] ( [] - elec-tric dipole mo-ment op-er-a-tor) (2
.5.9b) []|
 []


Overfull \hbox (98.25569pt too wide) in paragraph at lines 2472--2518
[][]\OT4/cmr/m/n/12 (2.5.10a) [] [] [] (2.5.10b) [] []|
 []


Overfull \hbox (53.6547pt too wide) in paragraph at lines 2472--2518
[] \OT4/cmr/m/n/12 (2.5.10c) [] [] [] |
 []


Overfull \hbox (41.4097pt too wide) in paragraph at lines 2530--2602
[][]\OT4/cmr/m/n/12 (2.5.11a) [] [] (2.5.11b) []|
 []


Overfull \hbox (627.28963pt too wide) in paragraph at lines 2530--2602
\OT4/cmr/m/n/12 the in-trin-sic per-mu-ta-tion op-er-a-tor (2.5.11c) [] [] |
 []

[29]
Overfull \hbox (49.4938pt too wide) in paragraph at lines 2618--2759
[][]\OT4/cmr/m/n/12 (2.5.12a) [] [] (2.5.12b) []|
 []


Overfull \hbox (834.94933pt too wide) in paragraph at lines 2618--2759
[]|
 []


Overfull \hbox (1776.91168pt too wide) in paragraph at lines 2618--2759
\OT4/cmr/m/n/12 (2.5.12c) [] [] |
 []


Overfull \hbox (48.35376pt too wide) in paragraph at lines 2808--2813
[][][]|
 []


Overfull \hbox (48.35376pt too wide) in paragraph at lines 2818--2820
[][][]|
 []


Overfull \hbox (30.72894pt too wide) in paragraph at lines 2818--2820
[] |
 []


Underfull \vbox (badness 10000) has occurred while \output is active []

 [30]
Overfull \hbox (28.4933pt too wide) in paragraph at lines 2838--2838
[]\OT4/cmr/bx/n/14.4 Derivation of the Kramers-Kronig re-la-tions for sim-ple q
uantum-|
 []


Underfull \vbox (badness 10000) has occurred while \output is active []

 [31]
Overfull \hbox (35.12016pt too wide) in paragraph at lines 2850--2868
[][]\OT4/cmr/m/n/12 (2.6.1a) [] (2.6.1b) [] |
 []


Overfull \hbox (334.80508pt too wide) in paragraph at lines 2873--2899
[][]\OT4/cmr/m/n/12 (2.6.2a) [] (2.6.2b) [] |
 []


Overfull \hbox (69.7976pt too wide) in paragraph at lines 2904--2938
[][]\OT4/cmr/m/n/12 (2.6.3a) []|
 []


Overfull \hbox (52.17279pt too wide) in paragraph at lines 2904--2938
\OT4/cmr/m/n/12 (2.6.3a) [] |
 []


Overfull \hbox (3.62769pt too wide) in paragraph at lines 2951--2952
[][]\OT4/cmr/m/it/12 Mathematical deriva-tion of the Kramers-Kronig re-la-tions
 for sim-ple per-tur-ba-tive model. |
 []

[32]
Overfull \hbox (5.62941pt too wide) in paragraph at lines 3082--3166
[][]\OT4/cmr/m/n/12 (2.8.2) Two-photon ab-sorp-tion: [] = [1/ [])[- [] [] [] + 
3x []-|
 []


Underfull \vbox (badness 10000) has occurred while \output is active []

 [33]
Overfull \hbox (80.58441pt too wide) in paragraph at lines 3210--3233
[][][]|
 []


Overfull \hbox (73.28763pt too wide) in paragraph at lines 3210--3233
\OT4/cmr/m/n/12 ment []|
 []


Underfull \hbox (badness 10000) in paragraph at lines 3210--3233

 []


Underfull \vbox (badness 10000) has occurred while \output is active []

 [34]
Underfull \vbox (badness 10000) has occurred while \output is active []

 [35]
LaTeX Font Info:    External font `plex10' loaded for size
(Font)              <10.95> on input line 3258.

Overfull \hbox (118.72691pt too wide) in paragraph at lines 3267--3278
[][][]|
 []


Underfull \vbox (badness 10000) has occurred while \output is active []

 [36]
Underfull \vbox (badness 10000) has occurred while \output is active []

 [37]
[38]
Overfull \hbox (95.64067pt too wide) in paragraph at lines 3481--3484
[][][]|
 []


Underfull \vbox (badness 10000) has occurred while \output is active []

 [39]
Overfull \hbox (3.51834pt too wide) in paragraph at lines 3498--3498
[][] []\OT4/cmtt/m/n/12 1. Is it not to short? Need to ask Prof. Samoc. Maybe w
e should also |
 []


Overfull \hbox (7.15982pt too wide) in paragraph at lines 3512--3512
[]\OT4/cmr/bx/n/17.28 Simpson and trape-zoidal quadra-ture com-bined with|
 []


Underfull \vbox (badness 10000) has occurred while \output is active []

 [40]
[41]
Overfull \hbox (25.23448pt too wide) in paragraph at lines 3672--3701
[][]\OT4/cmr/m/n/12 (4.1.8a) [] (4.1.8b)|
 []

[42]
Overfull \hbox (15.33087pt too wide) in paragraph at lines 3969--3998
[][]\OT4/cmr/m/n/12 (4.1.18a) [] (4.1.18b) [] (4.1.18c)|
 []


Overfull \hbox (84.7598pt too wide) in paragraph at lines 3969--3998
[] \OT4/cmr/m/n/12 for [] (4.1.18d) []|
 []


Overfull \hbox (219.10191pt too wide) in paragraph at lines 4044--4047
[][][]|
 []


Underfull \vbox (badness 10000) has occurred while \output is active []

 [43]
Overfull \hbox (10.42627pt too wide) in paragraph at lines 4058--4077
[][]\OT4/cmr/m/n/12 (4.2.2)F[ []] = [] ~= [], where|
 []


Overfull \hbox (249.21442pt too wide) in paragraph at lines 4082--4096
[][][]|
 []


Underfull \vbox (badness 10000) has occurred while \output is active []

 [44]
Underfull \vbox (badness 10000) has occurred while \output is active []

 [45]
Overfull \hbox (280.33066pt too wide) in paragraph at lines 4169--4183
[][][]|
 []

[46]
Overfull \hbox (16.34442pt too wide) in paragraph at lines 4201--4205
[][][]|
 []


Overfull \hbox (322.52422pt too wide) in paragraph at lines 4218--4236
[][]\OT4/cmr/m/n/12 (4.3.3) [] |
 []


Underfull \vbox (badness 10000) has occurred while \output is active []

 [47]
Overfull \hbox (48.35376pt too wide) in paragraph at lines 4248--4262
[][][]|
 []


Overfull \hbox (59.50566pt too wide) in paragraph at lines 4274--4280
[][][]|
 []


Underfull \vbox (badness 10000) has occurred while \output is active []

 [48]
Overfull \hbox (48.35376pt too wide) in paragraph at lines 4343--4368
[][][]|
 []


Overfull \hbox (30.72894pt too wide) in paragraph at lines 4343--4368
[]|
 []


Underfull \vbox (badness 1354) has occurred while \output is active []

 [49]
Underfull \vbox (badness 10000) has occurred while \output is active []

 [50]
Overfull \hbox (1117.615pt too wide) in paragraph at lines 4373--4421
[][]\OT4/cmr/m/n/12 (4.4.2) [] |
 []


Overfull \hbox (36.02846pt too wide) in paragraph at lines 4426--4445
[][]\OT4/cmr/m/n/12 where: [] = [], [], [], [], [] |
 []


Overfull \hbox (48.35376pt too wide) in paragraph at lines 4450--4467
[][][]|
 []


Underfull \vbox (badness 10000) has occurred while \output is active []

 [51]
Overfull \hbox (5.81718pt too wide) in paragraph at lines 4480--4483
[][]\OT4/cmr/m/n/12 Example cases for solv-ing the Kramers-Kronig re-la-tions i
n sim-ple \OT4/cmr/m/it/12 quantum-\OT4/cmr/m/n/12 perturbative|
 []


Overfull \hbox (3.24446pt too wide) in paragraph at lines 4499--4500
[][]\OT4/cmr/m/it/12 Example cases for solv-ing the Kramers-Kronig re-la-tions 
for other mod-els us-ing HTRAN|
 []

[52]
Overfull \hbox (94.66998pt too wide) in paragraph at lines 4525--4559
[][]\OT4/cmr/m/n/12 (5.1.1a) [] for [] (5.1.1b) []|
 []


Overfull \hbox (119.39047pt too wide) in paragraph at lines 4525--4559
\OT4/cmr/m/n/12 (5.1.1c) [] for [] (5.1.1d) [] = []|
 []

[53]
Overfull \hbox (286.35316pt too wide) in paragraph at lines 4662--4681
[][][]|
 []

[54]
Overfull \hbox (272.30066pt too wide) in paragraph at lines 4696--4704
[][][]|
 []


Underfull \vbox (badness 10000) has occurred while \output is active []

 [55]
Overfull \hbox (237.16942pt too wide) in paragraph at lines 4730--4749
[][][]|
 []


Overfull \hbox (271.29692pt too wide) in paragraph at lines 4764--4783
[][][]|
 []


Underfull \vbox (badness 10000) has occurred while \output is active []

 [56]
Underfull \vbox (badness 10000) has occurred while \output is active []

 [57]
Overfull \hbox (48.35376pt too wide) in paragraph at lines 4824--4837
[][][]|
 []


Overfull \hbox (322.52422pt too wide) in paragraph at lines 4869--4887
[][]\OT4/cmr/m/n/12 (5.3.2) [] |
 []

[58]
Overfull \hbox (48.35376pt too wide) in paragraph at lines 4956--4968
[][][]|
 []


Overfull \hbox (4.27022pt too wide) in paragraph at lines 4973--4992
[][]\OT4/cmr/m/n/12 This time we have used the fol-low-ing pa-ram-e-ters: [] = 
[], [],|
 []


Overfull \hbox (1117.615pt too wide) in paragraph at lines 5045--5093
[][]\OT4/cmr/m/n/12 (5.4.2) [] |
 []


Overfull \hbox (36.02846pt too wide) in paragraph at lines 5098--5117
[][]\OT4/cmr/m/n/12 where: [] = [], [], [], [], [] |
 []


Overfull \hbox (5.81718pt too wide) in paragraph at lines 5125--5127
[][]\OT4/cmr/m/n/12 Example cases for solv-ing the Kramers-Kronig re-la-tions i
n sim-ple \OT4/cmr/m/it/12 quantum-\OT4/cmr/m/n/12 perturbative|
 []

[59]
Overfull \hbox (37.43242pt too wide) in paragraph at lines 5210--5225
[][]\OT4/cmr/m/n/12 (6.1.3a) [] ~= [] (6.1.3b) [] |
 []

[60]
Overfull \hbox (0.78209pt too wide) in paragraph at lines 5320--5330
[][]\OT4/cmr/m/n/12 (6.1.7a) [] for (m=0,1,...,N/2-1) (6.1.7b) FY = DFT(Y)|
 []

[61]
Overfull \hbox (26.6682pt too wide) in paragraph at lines 5450--5454
[][]\OT4/cmr/bx/n/12 INPUT: \OT4/cmr/m/n/12 X, Y - given N-length ab-scis-sas a
nd re-lated or-di-nates \OT4/cmr/bx/n/12 PRE-CALCULATIONS:|
 []


Overfull \hbox (97.91852pt too wide) in paragraph at lines 5509--5534
[][]\OT4/cmr/m/n/12 (6.1.14a) [] (6.1.14b) [] (6.1.14c) []|
 []

[62]
Overfull \hbox (3.31667pt too wide) in paragraph at lines 5604--5605
[][]\OT4/cmr/m/it/12 Example cases for solv-ing the Kramers-Kronig re-la-tions 
in sim-ple quantum-perturbative|
 []

[63]
Overfull \hbox (102.93356pt too wide) in paragraph at lines 5653--5667
[][]\OT4/cmr/m/n/12 (7.1.1a) [] (7.1.1b) [] |
 []


Overfull \hbox (20.03917pt too wide) in paragraph at lines 5749--5757
[][]\OT4/cmr/m/n/12 (7.1.4a) [] = [] |
 []

[64]
Overfull \hbox (65.69017pt too wide) in paragraph at lines 5810--5821
[][]\OT4/cmr/m/n/12 (7.1.7) []|
 []


Overfull \hbox (40.20451pt too wide) in paragraph at lines 5835--5843
[][]\OT4/cmr/m/n/12 (7.1.8) [] = [] |
 []

[65]
Overfull \hbox (164.88052pt too wide) in paragraph at lines 5948--5959
[][]\OT4/cmr/m/n/12 (7.1.12) [] |
 []


Overfull \hbox (59.44296pt too wide) in paragraph at lines 5988--5998
[][]\OT4/cmr/m/n/12 (7.1.14) [] for [] |
 []


Overfull \hbox (287.4771pt too wide) in paragraph at lines 6011--6026
[][]\OT4/cmr/m/n/12 (7.1.15a) [] (7.1.15b) [] |
 []


Overfull \hbox (65.3179pt too wide) in paragraph at lines 6038--6061
[][]\OT4/cmr/m/n/12 (7.1.16a) [] for []|
 []


Overfull \hbox (52.77274pt too wide) in paragraph at lines 6038--6061
\OT4/cmr/m/n/12 (7.1.16b) []|
 []

[66]
Overfull \hbox (3.31667pt too wide) in paragraph at lines 6200--6201
[][]\OT4/cmr/m/it/12 Example cases for solv-ing the Kramers-Kronig re-la-tions 
in sim-ple quantum-perturbative|
 []

[67] [68]
Overfull \hbox (14.18393pt too wide) in paragraph at lines 6413--6430
[][]\OT4/cmr/m/n/12 (8.1.8a) []|
 []


Overfull \hbox (12.68091pt too wide) in paragraph at lines 6466--6477
[][]\OT4/cmr/m/n/12 (8.1.10a) f(x) ~= [] (8.1.10b) [] ~= [] |
 []

[69]
Overfull \hbox (3.31667pt too wide) in paragraph at lines 6566--6567
[][]\OT4/cmr/m/it/12 Example cases for solv-ing the Kramers-Kronig re-la-tions 
in sim-ple quantum-perturbative|
 []

[70] [71]
Overfull \hbox (3.31667pt too wide) in paragraph at lines 6781--6782
[][]\OT4/cmr/m/it/12 Example cases for solv-ing the Kramers-Kronig re-la-tions 
in sim-ple quantum-perturbative|
 []

[72]
LaTeX Font Info:    Font shape `OMS/cmr/bx/n' in size <17.28> not available
(Font)              Font shape `OMS/cmsy/b/n' tried instead on input line 6802.

LaTeX Font Info:    External font `plex10' loaded for size
(Font)              <17.28> on input line 6802.
LaTeX Font Info:    Font shape `OMS/cmr/bx/n' in size <14.4> not available
(Font)              Font shape `OMS/cmsy/b/n' tried instead on input line 6804.

 [73]
LaTeX Font Info:    Font shape `OMS/cmr/m/it' in size <12> not available
(Font)              Font shape `OMS/cmsy/m/n' tried instead on input line 6867.

 [74]
Overfull \hbox (1.19252pt too wide) in paragraph at lines 7022--7028
[][]\OT4/cmr/m/n/12 In or-der to ob-tain the fi-nal re-sult we need to take the
 imag-i-nary part of the \OT4/cmr/m/it/12 MATLAB[]|
 []

[75]
Overfull \hbox (7.12733pt too wide) in paragraph at lines 7058--7061
[][]\OT4/cmr/m/n/12 Example cases for solv-ing the Kramers-Kronig re-la-tions i
n sim-ple quantum-perturbative|
 []

[76] [77] [78] [79] [80]
No file Thesis*-*draft*v4.bbl.

Package natbib Warning: There were undefined citations.

[81] ("C:\doc\Szko³a\MSc\tex\Thesis - draft v4.aux") ) 
Here is how much of TeX's memory you used:
 3596 strings out of 494020
 50627 string characters out of 3146509
 132291 words of memory out of 3000000
 6782 multiletter control sequences out of 15000+200000
 26804 words of font info for 69 fonts, out of 3000000 for 9000
 714 hyphenation exceptions out of 8191
 36i,9n,38p,249b,324s stack positions out of 5000i,500n,10000p,200000b,50000s

Output written on "Thesis - draft v4.dvi" (81 pages, 234340 bytes).
