This is pdfTeX, Version 3.1415926-1.40.11 (MiKTeX 2.9) (preloaded format=pdflatex 2011.6.30)  4 JUL 2011 12:07
entering extended mode
**Thesis.tex
(C:\doc\Szko³a\MSc\tex\Thesis.tex
LaTeX2e <2009/09/24>
Babel <v3.8l> and hyphenation patterns for english, afrikaans, ancientgreek, ar
abic, armenian, assamese, basque, bengali, bokmal, bulgarian, catalan, coptic, 
croatian, czech, danish, dutch, esperanto, estonian, farsi, finnish, french, ga
lician, german, german-x-2009-06-19, greek, gujarati, hindi, hungarian, iceland
ic, indonesian, interlingua, irish, italian, kannada, kurmanji, lao, latin, lat
vian, lithuanian, malayalam, marathi, mongolian, mongolianlmc, monogreek, ngerm
an, ngerman-x-2009-06-19, nynorsk, oriya, panjabi, pinyin, polish, portuguese, 
romanian, russian, sanskrit, serbian, slovak, slovenian, spanish, swedish, swis
sgerman, tamil, telugu, turkish, turkmen, ukenglish, ukrainian, uppersorbian, u
senglishmax, welsh, loaded.
("C:\Program Files\MiKTeX 2.9\tex\latex\base\article.cls"
Document Class: article 2007/10/19 v1.4h Standard LaTeX document class
("C:\Program Files\MiKTeX 2.9\tex\latex\base\size10.clo"
File: size10.clo 2007/10/19 v1.4h Standard LaTeX file (size option)
)
\c@part=\count79
\c@section=\count80
\c@subsection=\count81
\c@subsubsection=\count82
\c@paragraph=\count83
\c@subparagraph=\count84
\c@figure=\count85
\c@table=\count86
\abovecaptionskip=\skip41
\belowcaptionskip=\skip42
\bibindent=\dimen102
)
("C:\Program Files\MiKTeX 2.9\tex\latex\maple2e\maple2e.sty"
Package: maple2e 1998/09/21 v1.15
Package: maple2e 1998/09/21 maple2eMaple Latex Style Package -- 1998/09/21 mapl
e2e
("C:\Program Files\MiKTeX 2.9\tex\latex\maple2e\mapleenv.sty"
Package: mapleenv 1998/09/19 -- Maple Environments -- mapleenv.sty 

Defining Standard Maple Environemnts
("C:\Program Files\MiKTeX 2.9\tex\latex\maple2e\mapleutil.sty"
Package: mapleutil 1998/09/19 -- Maple Style Utilities

Defining Maple Utility Macros
\@MapleTabSize=\dimen103
\MapleListCorrection=\toks14
) ("C:\Program Files\MiKTeX 2.9\tex\latex\maple2e\mapleenv.def"
\AboveMapleSkip=\skip43
\BelowMapleSkip=\skip44
\LeftMapleSkip=\dimen104
\AboveMaplePlot=\skip45
\BelowMaplePlot=\skip46
\MaplePlotHeight=\dimen105
\MaplePlotWidth=\dimen106
\MaplePlotHeight@Fudge=\dimen107
\MaplePlotWidth@Fudge=\dimen108
\MapleSepLineWidth=\dimen109
\MapleTab=\count87
\MaplePromptString=\toks15
\MaplePromptSecondary=\toks16
\MapleSepLineHeight=\dimen110
)
\newleftskip=\skip47
\mapleinputbox=\box26
\maplebox=\box27
\Tab=\dimen111
\@inlinebox=\box28
\cellwidth=\dimen112
)
("C:\Program Files\MiKTeX 2.9\tex\latex\maple2e\mapletab.sty"
Package: mapletab 1998/09/19 -- Maple Spreadsheets

Defining Maple Spreadsheet Environemnts
Maple Spreadsheet and Table Support
\multilinesep=\dimen113
\@linebuffer=\box29
\@currentline=\box30
\@linebufferwidth=\dimen114
\EndMultiLine=\toks17
) ("C:\Program Files\MiKTeX 2.9\tex\latex\maple2e\mapleplots.sty"
Package: mapleplots 1998/09/19 -- Maple Plotting Macros

Defining Maple Plot Environemnts
 ...Defaults to "dvips" Driver 
("C:\Program Files\MiKTeX 2.9\tex\latex\graphics\epsfig.sty"
Package: epsfig 1999/02/16 v1.7a (e)psfig emulation (SPQR)

("C:\Program Files\MiKTeX 2.9\tex\latex\graphics\graphicx.sty"
Package: graphicx 1999/02/16 v1.0f Enhanced LaTeX Graphics (DPC,SPQR)

("C:\Program Files\MiKTeX 2.9\tex\latex\graphics\keyval.sty"
Package: keyval 1999/03/16 v1.13 key=value parser (DPC)
\KV@toks@=\toks18
)
("C:\Program Files\MiKTeX 2.9\tex\latex\graphics\graphics.sty"
Package: graphics 2009/02/05 v1.0o Standard LaTeX Graphics (DPC,SPQR)

("C:\Program Files\MiKTeX 2.9\tex\latex\graphics\trig.sty"
Package: trig 1999/03/16 v1.09 sin cos tan (DPC)
)
("C:\Program Files\MiKTeX 2.9\tex\latex\00miktex\graphics.cfg"
File: graphics.cfg 2007/01/18 v1.5 graphics configuration of teTeX/TeXLive
)
Package graphics Info: Driver file: dvips.def on input line 91.

("C:\Program Files\MiKTeX 2.9\tex\latex\graphics\dvips.def"
File: dvips.def 1999/02/16 v3.0i Driver-dependant file (DPC,SPQR)
))
\Gin@req@height=\dimen115
\Gin@req@width=\dimen116
)
\epsfxsize=\dimen117
\epsfysize=\dimen118
))
("C:\Program Files\MiKTeX 2.9\tex\latex\maple2e\maplestyle.sty"
Package: maplestyle 1998/09/19 -- Maple Environments -- mapleenv.sty 

Defining Automatic Style Generation Macros
\maplettybox=\box31
)) (C:\doc\Szko³a\MSc\tex\Thesis.aux)
LaTeX Font Info:    Checking defaults for OML/cmm/m/it on input line 18.
LaTeX Font Info:    ... okay on input line 18.
LaTeX Font Info:    Checking defaults for T1/cmr/m/n on input line 18.
LaTeX Font Info:    ... okay on input line 18.
LaTeX Font Info:    Checking defaults for OT1/cmr/m/n on input line 18.
LaTeX Font Info:    ... okay on input line 18.
LaTeX Font Info:    Checking defaults for OMS/cmsy/m/n on input line 18.
LaTeX Font Info:    ... okay on input line 18.
LaTeX Font Info:    Checking defaults for OMX/cmex/m/n on input line 18.
LaTeX Font Info:    ... okay on input line 18.
LaTeX Font Info:    Checking defaults for U/cmr/m/n on input line 18.
LaTeX Font Info:    ... okay on input line 18.
LaTeX Font Info:    External font `cmex10' loaded for size
(Font)              <7> on input line 53.
LaTeX Font Info:    External font `cmex10' loaded for size
(Font)              <5> on input line 53.
 [1

{C:/Users/Krzysztof/AppData/Local/MiKTeX/2.9/pdftex/config/pdftex.map}]
Missing character: There is no æ in font cmbx10!
Missing character: There is no ³ in font cmbx10!
Missing character: There is no ³ in font cmr10!
Missing character: There is no ³ in font cmr10!
 [2] [3]
Overfull \hbox (103.49695pt too wide) in paragraph at lines 386--404
[] 
 []

[4] [5] [6]
Missing character: There is no œ in font cmr10!
Missing character: There is no æ in font cmr10!
Missing character: There is no ³ in font cmr10!
Missing character: There is no ³ in font cmr10!
Missing character: There is no ¹ in font cmr10!
Missing character: There is no ê in font cmr10!
Missing character: There is no ê in font cmr10!
Missing character: There is no ó in font cmr10!
 [7]
LaTeX Font Info:    Font shape `OT1/cmtt/bx/n' in size <10> not available
(Font)              Font shape `OT1/cmtt/m/n' tried instead on input line 786.
Missing character: There is no × in font cmr10!
 [8]
LaTeX Font Info:    Try loading font information for OMS+cmr on input line 905.

 ("C:\Program Files\MiKTeX 2.9\tex\latex\base\omscmr.fd"
File: omscmr.fd 1999/05/25 v2.5h Standard LaTeX font definitions
)
LaTeX Font Info:    Font shape `OMS/cmr/bx/n' in size <10> not available
(Font)              Font shape `OMS/cmsy/b/n' tried instead on input line 905.
LaTeX Font Info:    Font shape `OMS/cmr/m/n' in size <10> not available
(Font)              Font shape `OMS/cmsy/m/n' tried instead on input line 908.

[9]

LaTeX Font Warning: Font shape `OT1/cmss/bx/it' undefined
(Font)              using `OT1/cmss/bx/n' instead on input line 1186.

LaTeX Font Info:    Font shape `OT1/cmtt/bx/it' in size <10> not available
(Font)              Font shape `OT1/cmtt/m/it' tried instead on input line 1188
.
[10] [11] [12]
Missing character: There is no ’ in font cmr10!
Missing character: There is no “ in font cmr10!
Missing character: There is no ” in font cmr10!
Missing character: There is no – in font cmr10!
Missing character: There is no “ in font cmr10!
Missing character: There is no ” in font cmr10!
Missing character: There is no – in font cmr10!

Overfull \hbox (23.34941pt too wide) in paragraph at lines 1556--1556
[]\OT1/cmr/bx/n/10 2.6 Deriva-tion of the Kramers-Kronig re-la-tions for sim-pl
e quantum-
 []

[13]
Overfull \hbox (1.02875pt too wide) in paragraph at lines 1600--1600
[]\OT1/cmr/bx/n/10 2.8 Deriva-tion of the Kramers-Kronig re-la-tions for other 
mod-
 []


Overfull \hbox (1.03336pt too wide) in paragraph at lines 1694--1694
[]\OT1/cmr/bx/n/12 4. Simp-son and trape-zoidal quadra-ture com-bined with
 []

[14] [15] [16] [17] [18]
Missing character: There is no ® in font cmbx12!
Missing character: There is no ® in font cmbx10!
Missing character: There is no ® in font cmr10!
 [19] [20]
Missing character: There is no – in font cmr10!
Missing character: There is no á in font cmr10!
Missing character: There is no – in font cmr10!
Missing character: There is no – in font cmr10!
Missing character: There is no – in font cmr10!
Missing character: There is no ä in font cmr10!
 [21]
Missing character: There is no – in font cmti10!
Missing character: There is no – in font cmti10!
 [22] (C:\doc\Szko³a\MSc\tex\Thesis.aux)

LaTeX Font Warning: Some font shapes were not available, defaults substituted.

 ) 
Here is how much of TeX's memory you used:
 846 strings out of 494019
 10984 string characters out of 3146486
 67018 words of memory out of 3000000
 4162 multiletter control sequences out of 15000+200000
 8754 words of font info for 31 fonts, out of 3000000 for 9000
 714 hyphenation exceptions out of 8191
 49i,6n,29p,333b,175s stack positions out of 5000i,500n,10000p,200000b,50000s
<C:/Program Files/MiKTeX 2.9/fonts/type1/public/amsfonts/cm/cmbsy10.pfb><C:/P
rogram Files/MiKTeX 2.9/fonts/type1/public/amsfonts/cm/cmbx10.pfb><C:/Program F
iles/MiKTeX 2.9/fonts/type1/public/amsfonts/cm/cmbx12.pfb><C:/Program Files/MiK
TeX 2.9/fonts/type1/public/amsfonts/cm/cmbxti10.pfb><C:/Program Files/MiKTeX 2.
9/fonts/type1/public/amsfonts/cm/cmex10.pfb><C:/Program Files/MiKTeX 2.9/fonts/
type1/public/amsfonts/cm/cmmi10.pfb><C:/Program Files/MiKTeX 2.9/fonts/type1/pu
blic/amsfonts/cm/cmmi5.pfb><C:/Program Files/MiKTeX 2.9/fonts/type1/public/amsf
onts/cm/cmmi7.pfb><C:/Program Files/MiKTeX 2.9/fonts/type1/public/amsfonts/cm/c
mr10.pfb><C:/Program Files/MiKTeX 2.9/fonts/type1/public/amsfonts/cm/cmr12.pfb>
<C:/Program Files/MiKTeX 2.9/fonts/type1/public/amsfonts/cm/cmr5.pfb><C:/Progra
m Files/MiKTeX 2.9/fonts/type1/public/amsfonts/cm/cmr7.pfb><C:/Program Files/Mi
KTeX 2.9/fonts/type1/public/amsfonts/cm/cmr9.pfb><C:/Program Files/MiKTeX 2.9/f
onts/type1/public/amsfonts/cm/cmss10.pfb><C:/Program Files/MiKTeX 2.9/fonts/typ
e1/public/amsfonts/cm/cmssbx10.pfb><C:/Program Files/MiKTeX 2.9/fonts/type1/pub
lic/amsfonts/cm/cmsy10.pfb><C:/Program Files/MiKTeX 2.9/fonts/type1/public/amsf
onts/cm/cmsy5.pfb><C:/Program Files/MiKTeX 2.9/fonts/type1/public/amsfonts/cm/c
msy7.pfb><C:/Program Files/MiKTeX 2.9/fonts/type1/public/amsfonts/cm/cmti10.pfb
><C:/Program Files/MiKTeX 2.9/fonts/type1/public/amsfonts/cm/cmti7.pfb><C:/Prog
ram Files/MiKTeX 2.9/fonts/type1/public/amsfonts/cm/cmti9.pfb><C:/Program Files
/MiKTeX 2.9/fonts/type1/public/amsfonts/cm/cmtt10.pfb>
Output written on Thesis.pdf (22 pages, 326704 bytes).
PDF statistics:
 161 PDF objects out of 1000 (max. 8388607)
 0 named destinations out of 1000 (max. 500000)
 1 words of extra memory for PDF output out of 10000 (max. 10000000)

