This is pdfTeX, Version 3.1415926-1.40.11 (MiKTeX 2.9) (preloaded format=pdflatex 2012.12.27)  29 DEC 2012 01:42
entering extended mode
**Thesis.tex
(C:\doc\MSc\tex\texlipse\Thesis.tex
LaTeX2e <2009/09/24>
Babel <v3.8l> and hyphenation patterns for english, afrikaans, ancientgreek, ar
abic, armenian, assamese, basque, bengali, bokmal, bulgarian, catalan, coptic, 
croatian, czech, danish, dutch, esperanto, estonian, farsi, finnish, french, ga
lician, german, german-x-2009-06-19, greek, gujarati, hindi, hungarian, iceland
ic, indonesian, interlingua, irish, italian, kannada, kurmanji, lao, latin, lat
vian, lithuanian, malayalam, marathi, mongolian, mongolianlmc, monogreek, ngerm
an, ngerman-x-2009-06-19, nynorsk, oriya, panjabi, pinyin, polish, portuguese, 
romanian, russian, sanskrit, serbian, slovak, slovenian, spanish, swedish, swis
sgerman, tamil, telugu, turkish, turkmen, ukenglish, ukrainian, uppersorbian, u
senglishmax, welsh, loaded.
("C:\Program Files\MiKTeX 2.9\tex\latex\base\article.cls"
Document Class: article 2007/10/19 v1.4h Standard LaTeX document class
("C:\Program Files\MiKTeX 2.9\tex\latex\base\size12.clo"
File: size12.clo 2007/10/19 v1.4h Standard LaTeX file (size option)
)
\c@part=\count79
\c@section=\count80
\c@subsection=\count81
\c@subsubsection=\count82
\c@paragraph=\count83
\c@subparagraph=\count84
\c@figure=\count85
\c@table=\count86
\abovecaptionskip=\skip41
\belowcaptionskip=\skip42
\bibindent=\dimen102
)
("C:\Program Files\MiKTeX 2.9\tex\latex\preprint\fullpage.sty"
Package: fullpage 1999/02/23 1.1 (PWD)
\FP@margin=\skip43
)
("C:\Program Files\MiKTeX 2.9\tex\latex\graphics\graphicx.sty"
Package: graphicx 1999/02/16 v1.0f Enhanced LaTeX Graphics (DPC,SPQR)

("C:\Program Files\MiKTeX 2.9\tex\latex\graphics\keyval.sty"
Package: keyval 1999/03/16 v1.13 key=value parser (DPC)
\KV@toks@=\toks14
)
("C:\Program Files\MiKTeX 2.9\tex\latex\graphics\graphics.sty"
Package: graphics 2009/02/05 v1.0o Standard LaTeX Graphics (DPC,SPQR)

("C:\Program Files\MiKTeX 2.9\tex\latex\graphics\trig.sty"
Package: trig 1999/03/16 v1.09 sin cos tan (DPC)
)
("C:\Program Files\MiKTeX 2.9\tex\latex\00miktex\graphics.cfg"
File: graphics.cfg 2007/01/18 v1.5 graphics configuration of teTeX/TeXLive
)
Package graphics Info: Driver file: pdftex.def on input line 91.

("C:\Program Files\MiKTeX 2.9\tex\latex\pdftex-def\pdftex.def"
File: pdftex.def 2010/09/14 v0.05b Graphics/color for pdfTeX
\Gread@gobject=\count87
))
\Gin@req@height=\dimen103
\Gin@req@width=\dimen104
)
("C:\Program Files\MiKTeX 2.9\tex\latex\tools\enumerate.sty"
Package: enumerate 1999/03/05 v3.00 enumerate extensions (DPC)
\@enLab=\toks15
)
("C:\Program Files\MiKTeX 2.9\tex\latex\float\float.sty"
Package: float 2001/11/08 v1.3d Float enhancements (AL)
\c@float@type=\count88
\float@exts=\toks16
\float@box=\box26
\@float@everytoks=\toks17
\@floatcapt=\box27
)
("C:\Program Files\MiKTeX 2.9\tex\latex\ltxmisc\url.sty"
\Urlmuskip=\muskip10
Package: url 2006/04/12  ver 3.3  Verb mode for urls, etc.
)
("C:\Program Files\MiKTeX 2.9\tex\latex\ams\math\amsmath.sty"
Package: amsmath 2000/07/18 v2.13 AMS math features
\@mathmargin=\skip44

For additional information on amsmath, use the `?' option.
("C:\Program Files\MiKTeX 2.9\tex\latex\ams\math\amstext.sty"
Package: amstext 2000/06/29 v2.01

("C:\Program Files\MiKTeX 2.9\tex\latex\ams\math\amsgen.sty"
File: amsgen.sty 1999/11/30 v2.0
\@emptytoks=\toks18
\ex@=\dimen105
))
("C:\Program Files\MiKTeX 2.9\tex\latex\ams\math\amsbsy.sty"
Package: amsbsy 1999/11/29 v1.2d
\pmbraise@=\dimen106
)
("C:\Program Files\MiKTeX 2.9\tex\latex\ams\math\amsopn.sty"
Package: amsopn 1999/12/14 v2.01 operator names
)
\inf@bad=\count89
LaTeX Info: Redefining \frac on input line 211.
\uproot@=\count90
\leftroot@=\count91
LaTeX Info: Redefining \overline on input line 307.
\classnum@=\count92
\DOTSCASE@=\count93
LaTeX Info: Redefining \ldots on input line 379.
LaTeX Info: Redefining \dots on input line 382.
LaTeX Info: Redefining \cdots on input line 467.
\Mathstrutbox@=\box28
\strutbox@=\box29
\big@size=\dimen107
LaTeX Font Info:    Redeclaring font encoding OML on input line 567.
LaTeX Font Info:    Redeclaring font encoding OMS on input line 568.
\macc@depth=\count94
\c@MaxMatrixCols=\count95
\dotsspace@=\muskip11
\c@parentequation=\count96
\dspbrk@lvl=\count97
\tag@help=\toks19
\row@=\count98
\column@=\count99
\maxfields@=\count100
\andhelp@=\toks20
\eqnshift@=\dimen108
\alignsep@=\dimen109
\tagshift@=\dimen110
\tagwidth@=\dimen111
\totwidth@=\dimen112
\lineht@=\dimen113
\@envbody=\toks21
\multlinegap=\skip45
\multlinetaggap=\skip46
\mathdisplay@stack=\toks22
LaTeX Info: Redefining \[ on input line 2666.
LaTeX Info: Redefining \] on input line 2667.
)
("C:\Program Files\MiKTeX 2.9\tex\latex\ncctools\nccmath.sty"
Package: nccmath 2005/02/21 v1.2 Additional Math Commands (NCC)
\NCC@fracrulewidth=\dimen114
)
("C:\Program Files\MiKTeX 2.9\tex\latex\amsfonts\amssymb.sty"
Package: amssymb 2009/06/22 v3.00

("C:\Program Files\MiKTeX 2.9\tex\latex\amsfonts\amsfonts.sty"
Package: amsfonts 2009/06/22 v3.00 Basic AMSFonts support
\symAMSa=\mathgroup4
\symAMSb=\mathgroup5
LaTeX Font Info:    Overwriting math alphabet `\mathfrak' in version `bold'
(Font)                  U/euf/m/n --> U/euf/b/n on input line 96.
))
("C:\Program Files\MiKTeX 2.9\tex\latex\arcs\arcs.sty"
Package: arcs 2004/05/09

("C:\Program Files\MiKTeX 2.9\tex\latex\ltxmisc\relsize.sty"
Package: relsize 2003/07/04 ver 3.1
))
("C:\Program Files\MiKTeX 2.9\tex\generic\babel\babel.sty"
Package: babel 2008/07/06 v3.8l The Babel package

*************************************
* Local config file bblopts.cfg used
*
("C:\Program Files\MiKTeX 2.9\tex\latex\00miktex\bblopts.cfg"
File: bblopts.cfg 2006/07/31 v1.0 MiKTeX 'babel' configuration
)
("C:\Program Files\MiKTeX 2.9\tex\generic\babel\polish.ldf"
Language: polish 2005/03/31 v1.2l Polish support from the babel system

("C:\Program Files\MiKTeX 2.9\tex\generic\babel\babel.def"
File: babel.def 2008/07/06 v3.8l Babel common definitions
\babel@savecnt=\count101
\U@D=\dimen115
)
Package babel Info: Making " an active character on input line 83.
\pl@left=\dimen116
\pl@down=\dimen117
\pl@right=\dimen118
\pl@temp=\dimen119
)
("C:\Program Files\MiKTeX 2.9\tex\generic\babel\english.ldf"
Language: english 2005/03/30 v3.3o English support from the babel system
\l@canadian = a dialect from \language\l@american 
\l@australian = a dialect from \language\l@british 
\l@newzealand = a dialect from \language\l@british 
))
("C:\Program Files\MiKTeX 2.9\tex\latex\mathabx\mathabx.sty"
Package: mathabx 2003/07/29 v0.0 Non-standard LaTeX package mathabx
\symmatha=\mathgroup6
\symmathb=\mathgroup7
\symmathx=\mathgroup8

("C:\Program Files\MiKTeX 2.9\tex\generic\mathabx\mathabx.dcl"
LaTeX Font Info:    Redeclaring math symbol \cdotp on input line 25.
LaTeX Font Info:    Redeclaring math symbol \times on input line 33.
LaTeX Font Info:    Redeclaring math symbol \div on input line 34.
LaTeX Font Info:    Redeclaring math symbol \cdot on input line 35.
LaTeX Font Info:    Redeclaring math symbol \circ on input line 36.
LaTeX Font Info:    Redeclaring math symbol \ast on input line 38.
LaTeX Font Info:    Redeclaring math symbol \pm on input line 41.
LaTeX Font Info:    Redeclaring math symbol \mp on input line 42.
LaTeX Font Info:    Redeclaring math symbol \ltimes on input line 43.
LaTeX Font Info:    Redeclaring math symbol \rtimes on input line 44.
LaTeX Font Info:    Redeclaring math symbol \diamond on input line 45.
LaTeX Font Info:    Redeclaring math symbol \bullet on input line 46.
LaTeX Font Info:    Redeclaring math symbol \star on input line 47.
LaTeX Font Info:    Redeclaring math symbol \amalg on input line 51.
LaTeX Font Info:    Redeclaring math symbol \dotplus on input line 58.
LaTeX Font Info:    Redeclaring math symbol \square on input line 63.
LaTeX Font Info:    Redeclaring math symbol \divideontimes on input line 71.
LaTeX Font Info:    Redeclaring math symbol \bigstar on input line 75.
LaTeX Font Info:    Redeclaring math symbol \equiv on input line 83.
LaTeX Font Info:    Redeclaring math symbol \sim on input line 84.
LaTeX Font Info:    Redeclaring math symbol \approx on input line 85.
LaTeX Font Info:    Redeclaring math symbol \simeq on input line 86.
LaTeX Font Info:    Redeclaring math symbol \asymp on input line 89.
LaTeX Font Info:    Redeclaring math symbol \nsim on input line 97.
LaTeX Font Info:    Redeclaring math symbol \ncong on input line 100.
LaTeX Font Info:    Redeclaring math symbol \risingdotseq on input line 118.
LaTeX Font Info:    Redeclaring math symbol \fallingdotseq on input line 119.
LaTeX Font Info:    Redeclaring math symbol \circeq on input line 125.
LaTeX Font Info:    Redeclaring math symbol \eqcirc on input line 126.
LaTeX Font Info:    Redeclaring math symbol \triangleq on input line 127.
LaTeX Font Info:    Redeclaring math symbol \neg on input line 134.
LaTeX Font Info:    Redeclaring math symbol \ll on input line 136.
LaTeX Font Info:    Redeclaring math symbol \gg on input line 137.
LaTeX Font Info:    Redeclaring math symbol \vdash on input line 139.
LaTeX Font Info:    Redeclaring math symbol \dashv on input line 140.
LaTeX Font Info:    Redeclaring math symbol \nvdash on input line 141.
LaTeX Font Info:    Redeclaring math symbol \vDash on input line 143.
LaTeX Font Info:    Redeclaring math symbol \nvDash on input line 145.
LaTeX Font Info:    Redeclaring math symbol \Vdash on input line 147.
LaTeX Font Info:    Redeclaring math symbol \nVdash on input line 149.
LaTeX Font Info:    Redeclaring math symbol \flat on input line 158.
LaTeX Font Info:    Redeclaring math symbol \natural on input line 159.
LaTeX Font Info:    Redeclaring math symbol \sharp on input line 160.
LaTeX Font Info:    Redeclaring math symbol \infty on input line 161.
LaTeX Font Info:    Redeclaring math symbol \propto on input line 162.
LaTeX Font Info:    Redeclaring math symbol \dagger on input line 163.
LaTeX Font Info:    Redeclaring math symbol \ddagger on input line 164.
LaTeX Font Info:    Redeclaring math symbol \between on input line 170.
LaTeX Font Info:    Redeclaring math symbol \smile on input line 171.
LaTeX Font Info:    Redeclaring math symbol \frown on input line 172.
LaTeX Font Info:    Redeclaring math symbol \leftthreetimes on input line 174.
LaTeX Font Info:    Redeclaring math symbol \rightthreetimes on input line 175.

LaTeX Font Info:    Redeclaring math symbol \pitchfork on input line 176.
LaTeX Font Info:    Redeclaring math symbol \nVDash on input line 182.
LaTeX Font Info:    Redeclaring math symbol \Vvdash on input line 184.
LaTeX Font Info:    Redeclaring math symbol \therefore on input line 189.
LaTeX Font Info:    Redeclaring math symbol \because on input line 190.
LaTeX Font Info:    Redeclaring math symbol \measuredangle on input line 202.
LaTeX Font Info:    Redeclaring math symbol \sphericalangle on input line 203.
LaTeX Font Info:    Redeclaring math symbol \setminus on input line 218.
LaTeX Font Info:    Redeclaring math symbol \mid on input line 222.
LaTeX Font Info:    Redeclaring math symbol \forall on input line 279.
LaTeX Font Info:    Redeclaring math symbol \complement on input line 280.
LaTeX Font Info:    Redeclaring math symbol \partial on input line 281.
LaTeX Font Info:    Redeclaring math symbol \exists on input line 284.
LaTeX Font Info:    Redeclaring math symbol \nexists on input line 285.
LaTeX Font Info:    Redeclaring math symbol \Finv on input line 286.
LaTeX Font Info:    Redeclaring math symbol \Game on input line 287.
LaTeX Font Info:    Redeclaring math symbol \emptyset on input line 288.
LaTeX Font Info:    Redeclaring math symbol \top on input line 290.
LaTeX Font Info:    Redeclaring math symbol \bot on input line 291.
LaTeX Font Info:    Redeclaring math symbol \perp on input line 292.
LaTeX Font Info:    Redeclaring math symbol \curlywedge on input line 296.
LaTeX Font Info:    Redeclaring math symbol \curlyvee on input line 297.
LaTeX Font Info:    Redeclaring math symbol \in on input line 299.
LaTeX Font Info:    Redeclaring math symbol \owns on input line 300.
LaTeX Font Info:    Redeclaring math symbol \cap on input line 312.
LaTeX Font Info:    Redeclaring math symbol \cup on input line 313.
LaTeX Font Info:    Redeclaring math symbol \uplus on input line 314.
LaTeX Font Info:    Redeclaring math symbol \sqcap on input line 315.
LaTeX Font Info:    Redeclaring math symbol \sqcup on input line 316.
LaTeX Font Info:    Redeclaring math symbol \wedge on input line 318.
LaTeX Font Info:    Redeclaring math symbol \vee on input line 320.
LaTeX Font Info:    Redeclaring math symbol \barwedge on input line 327.
LaTeX Font Info:    Redeclaring math symbol \veebar on input line 328.
LaTeX Font Info:    Redeclaring math symbol \doublebarwedge on input line 329.
LaTeX Font Info:    Redeclaring math symbol \doublecap on input line 331.
LaTeX Font Info:    Redeclaring math symbol \doublecup on input line 333.
LaTeX Font Info:    Redeclaring math symbol \subset on input line 344.
LaTeX Font Info:    Redeclaring math symbol \supset on input line 345.
LaTeX Font Info:    Redeclaring math symbol \subseteq on input line 348.
LaTeX Font Info:    Redeclaring math symbol \supseteq on input line 349.
LaTeX Font Info:    Redeclaring math symbol \nsubseteq on input line 350.
LaTeX Font Info:    Redeclaring math symbol \nsupseteq on input line 351.
LaTeX Font Info:    Redeclaring math symbol \subsetneq on input line 352.
LaTeX Font Info:    Redeclaring math symbol \supsetneq on input line 353.
LaTeX Font Info:    Redeclaring math symbol \varsubsetneq on input line 354.
LaTeX Font Info:    Redeclaring math symbol \varsupsetneq on input line 355.
LaTeX Font Info:    Redeclaring math symbol \subseteqq on input line 357.
LaTeX Font Info:    Redeclaring math symbol \supseteqq on input line 358.
LaTeX Font Info:    Redeclaring math symbol \nsubseteqq on input line 359.
LaTeX Font Info:    Redeclaring math symbol \nsupseteqq on input line 360.
LaTeX Font Info:    Redeclaring math symbol \subsetneqq on input line 361.
LaTeX Font Info:    Redeclaring math symbol \supsetneqq on input line 362.
LaTeX Font Info:    Redeclaring math symbol \varsubsetneqq on input line 363.
LaTeX Font Info:    Redeclaring math symbol \varsupsetneqq on input line 364.
LaTeX Font Info:    Redeclaring math symbol \Subset on input line 366.
LaTeX Font Info:    Redeclaring math symbol \Supset on input line 367.
LaTeX Font Info:    Redeclaring math symbol \sqsubseteq on input line 380.
LaTeX Font Info:    Redeclaring math symbol \sqsupseteq on input line 381.
LaTeX Font Info:    Redeclaring math symbol \triangleleft on input line 407.
LaTeX Font Info:    Redeclaring math symbol \vartriangleleft on input line 408.

LaTeX Font Info:    Redeclaring math symbol \triangleright on input line 409.
LaTeX Font Info:    Redeclaring math symbol \vartriangleright on input line 410
.
LaTeX Font Info:    Redeclaring math symbol \ntriangleleft on input line 411.
LaTeX Font Info:    Redeclaring math symbol \ntriangleright on input line 412.
LaTeX Font Info:    Redeclaring math symbol \trianglelefteq on input line 413.
LaTeX Font Info:    Redeclaring math symbol \trianglerighteq on input line 414.

LaTeX Font Info:    Redeclaring math symbol \ntrianglelefteq on input line 415.

LaTeX Font Info:    Redeclaring math symbol \ntrianglerighteq on input line 416
.
LaTeX Font Info:    Redeclaring math symbol \blacktriangledown on input line 42
7.
LaTeX Font Info:    Redeclaring math symbol \blacktriangleleft on input line 42
8.
LaTeX Font Info:    Redeclaring math symbol \blacktriangleright on input line 4
29.
LaTeX Font Info:    Redeclaring math symbol \nless on input line 437.
LaTeX Font Info:    Redeclaring math symbol \ngtr on input line 438.
LaTeX Font Info:    Redeclaring math symbol \leq on input line 439.
LaTeX Font Info:    Redeclaring math symbol \geq on input line 441.
LaTeX Font Info:    Redeclaring math symbol \nleq on input line 443.
LaTeX Font Info:    Redeclaring math symbol \ngeq on input line 445.
LaTeX Font Info:    Redeclaring math symbol \lneq on input line 451.
LaTeX Font Info:    Redeclaring math symbol \gneq on input line 452.
LaTeX Font Info:    Redeclaring math symbol \leqq on input line 453.
LaTeX Font Info:    Redeclaring math symbol \geqq on input line 454.
LaTeX Font Info:    Redeclaring math symbol \nleqq on input line 455.
LaTeX Font Info:    Redeclaring math symbol \ngeqq on input line 456.
LaTeX Font Info:    Redeclaring math symbol \lneqq on input line 457.
LaTeX Font Info:    Redeclaring math symbol \gneqq on input line 458.
LaTeX Font Info:    Redeclaring math symbol \lvertneqq on input line 459.
LaTeX Font Info:    Redeclaring math symbol \gvertneqq on input line 460.
LaTeX Font Info:    Redeclaring math symbol \eqslantless on input line 461.
LaTeX Font Info:    Redeclaring math symbol \eqslantgtr on input line 462.
LaTeX Font Info:    Redeclaring math symbol \lessgtr on input line 465.
LaTeX Font Info:    Redeclaring math symbol \gtrless on input line 466.
LaTeX Font Info:    Redeclaring math symbol \lesseqgtr on input line 467.
LaTeX Font Info:    Redeclaring math symbol \gtreqless on input line 468.
LaTeX Font Info:    Redeclaring math symbol \lesseqqgtr on input line 469.
LaTeX Font Info:    Redeclaring math symbol \gtreqqless on input line 470.
LaTeX Font Info:    Redeclaring math symbol \lesssim on input line 472.
LaTeX Font Info:    Redeclaring math symbol \gtrsim on input line 473.
LaTeX Font Info:    Redeclaring math symbol \lnsim on input line 476.
LaTeX Font Info:    Redeclaring math symbol \gnsim on input line 477.
LaTeX Font Info:    Redeclaring math symbol \lessapprox on input line 478.
LaTeX Font Info:    Redeclaring math symbol \gtrapprox on input line 479.
LaTeX Font Info:    Redeclaring math symbol \lnapprox on input line 482.
LaTeX Font Info:    Redeclaring math symbol \gnapprox on input line 483.
LaTeX Font Info:    Redeclaring math symbol \lessdot on input line 485.
LaTeX Font Info:    Redeclaring math symbol \gtrdot on input line 486.
LaTeX Font Info:    Redeclaring math symbol \prec on input line 495.
LaTeX Font Info:    Redeclaring math symbol \succ on input line 496.
LaTeX Font Info:    Redeclaring math symbol \nprec on input line 497.
LaTeX Font Info:    Redeclaring math symbol \nsucc on input line 498.
LaTeX Font Info:    Redeclaring math symbol \preccurlyeq on input line 499.
LaTeX Font Info:    Redeclaring math symbol \succcurlyeq on input line 500.
LaTeX Font Info:    Redeclaring math symbol \preceq on input line 503.
LaTeX Font Info:    Redeclaring math symbol \succeq on input line 504.
LaTeX Font Info:    Redeclaring math symbol \npreceq on input line 505.
LaTeX Font Info:    Redeclaring math symbol \nsucceq on input line 506.
LaTeX Font Info:    Redeclaring math symbol \curlyeqprec on input line 509.
LaTeX Font Info:    Redeclaring math symbol \curlyeqsucc on input line 510.
LaTeX Font Info:    Redeclaring math symbol \precsim on input line 514.
LaTeX Font Info:    Redeclaring math symbol \succsim on input line 515.
LaTeX Font Info:    Redeclaring math symbol \precnsim on input line 518.
LaTeX Font Info:    Redeclaring math symbol \succnsim on input line 519.
LaTeX Font Info:    Redeclaring math symbol \precapprox on input line 520.
LaTeX Font Info:    Redeclaring math symbol \succapprox on input line 521.
LaTeX Font Info:    Redeclaring math symbol \precnapprox on input line 524.
LaTeX Font Info:    Redeclaring math symbol \succnapprox on input line 525.
LaTeX Font Info:    Redeclaring math symbol \leftarrow on input line 537.
LaTeX Font Info:    Redeclaring math symbol \rightarrow on input line 539.
LaTeX Font Info:    Redeclaring math symbol \nwarrow on input line 543.
LaTeX Font Info:    Redeclaring math symbol \nearrow on input line 544.
LaTeX Font Info:    Redeclaring math symbol \swarrow on input line 545.
LaTeX Font Info:    Redeclaring math symbol \searrow on input line 546.
LaTeX Font Info:    Redeclaring math symbol \leftrightarrow on input line 547.
LaTeX Font Info:    Redeclaring math symbol \nleftarrow on input line 549.
LaTeX Font Info:    Redeclaring math symbol \nrightarrow on input line 550.
LaTeX Font Info:    Redeclaring math symbol \nleftrightarrow on input line 551.

LaTeX Font Info:    Redeclaring math symbol \mapstochar on input line 554.
LaTeX Font Info:    Redeclaring math symbol \leftharpoonup on input line 557.
LaTeX Font Info:    Redeclaring math symbol \rightharpoonup on input line 558.
LaTeX Font Info:    Redeclaring math symbol \leftharpoondown on input line 559.

LaTeX Font Info:    Redeclaring math symbol \rightharpoondown on input line 560
.
LaTeX Font Info:    Redeclaring math symbol \upharpoonleft on input line 561.
LaTeX Font Info:    Redeclaring math symbol \downharpoonleft on input line 562.

LaTeX Font Info:    Redeclaring math symbol \upharpoonright on input line 563.
LaTeX Font Info:    Redeclaring math symbol \restriction on input line 564.
LaTeX Font Info:    Redeclaring math symbol \downharpoonright on input line 565
.
LaTeX Font Info:    Redeclaring math symbol \leftrightharpoons on input line 56
6.
LaTeX Font Info:    Redeclaring math symbol \Leftarrow on input line 572.
LaTeX Font Info:    Redeclaring math symbol \Rightarrow on input line 573.
LaTeX Font Info:    Redeclaring math symbol \Leftrightarrow on input line 576.
LaTeX Font Info:    Redeclaring math symbol \nLeftarrow on input line 578.
LaTeX Font Info:    Redeclaring math symbol \nRightarrow on input line 579.
LaTeX Font Info:    Redeclaring math symbol \nLeftrightarrow on input line 580.

LaTeX Font Info:    Redeclaring math symbol \leftleftarrows on input line 590.
LaTeX Font Info:    Redeclaring math symbol \rightrightarrows on input line 591
.
LaTeX Font Info:    Redeclaring math symbol \upuparrows on input line 592.
LaTeX Font Info:    Redeclaring math symbol \downdownarrows on input line 593.
LaTeX Font Info:    Redeclaring math symbol \leftrightarrows on input line 594.

LaTeX Font Info:    Redeclaring math symbol \rightleftarrows on input line 595.

LaTeX Font Info:    Redeclaring math symbol \rhook on input line 609.
LaTeX Font Info:    Redeclaring math symbol \lhook on input line 610.
LaTeX Font Info:    Redeclaring math symbol \diagup on input line 611.
LaTeX Font Info:    Redeclaring math symbol \diagdown on input line 612.
LaTeX Font Info:    Redeclaring math symbol \Lsh on input line 614.
LaTeX Font Info:    Redeclaring math symbol \Rsh on input line 616.
LaTeX Font Info:    Redeclaring math symbol \looparrowleft on input line 621.
LaTeX Font Info:    Redeclaring math symbol \looparrowright on input line 623.
LaTeX Font Info:    Redeclaring math symbol \curvearrowleft on input line 628.
LaTeX Font Info:    Redeclaring math symbol \curvearrowright on input line 630.

LaTeX Font Info:    Redeclaring math symbol \circlearrowleft on input line 638.

LaTeX Font Info:    Redeclaring math symbol \circlearrowright on input line 639
.
LaTeX Font Info:    Redeclaring math symbol \rightsquigarrow on input line 642.

LaTeX Font Info:    Redeclaring math symbol \leftrightsquigarrow on input line 
643.
LaTeX Font Info:    Redeclaring math symbol \oplus on input line 655.
LaTeX Font Info:    Redeclaring math symbol \ominus on input line 656.
LaTeX Font Info:    Redeclaring math symbol \otimes on input line 658.
LaTeX Font Info:    Redeclaring math symbol \odot on input line 660.
LaTeX Font Info:    Redeclaring math symbol \oslash on input line 672.
LaTeX Font Info:    Redeclaring math symbol \boxplus on input line 680.
LaTeX Font Info:    Redeclaring math symbol \boxminus on input line 681.
LaTeX Font Info:    Redeclaring math symbol \boxtimes on input line 683.
LaTeX Font Info:    Redeclaring math symbol \boxdot on input line 685.
\mayacnter=\count102
\mayacnta=\count103
\mayacntb=\count104
\mayacntc=\count105
\mayawidth=\dimen120
LaTeX Font Info:    Redeclaring math symbol \intop on input line 750.
LaTeX Font Info:    Redeclaring math symbol \ointop on input line 757.
LaTeX Font Info:    Redeclaring math delimiter \lbrace on input line 839.
LaTeX Info: Redefining \{ on input line 843.
LaTeX Font Info:    Redeclaring math delimiter \rbrace on input line 845.
LaTeX Info: Redefining \} on input line 849.
LaTeX Font Info:    Redeclaring math delimiter \langle on input line 855.
LaTeX Font Info:    Redeclaring math delimiter \rangle on input line 856.
LaTeX Font Info:    Redeclaring math delimiter \vert on input line 860.
LaTeX Font Info:    Redeclaring math delimiter \Vert on input line 862.
LaTeX Font Info:    Redeclaring math delimiter \uparrow on input line 865.
LaTeX Font Info:    Redeclaring math delimiter \downarrow on input line 866.
LaTeX Font Info:    Redeclaring math delimiter \updownarrow on input line 867.
LaTeX Font Info:    Redeclaring math delimiter \Uparrow on input line 868.
LaTeX Font Info:    Redeclaring math delimiter \Downarrow on input line 869.
LaTeX Font Info:    Redeclaring math delimiter \Updownarrow on input line 870.
LaTeX Font Info:    Redeclaring math delimiter \lgroup on input line 877.
LaTeX Font Info:    Redeclaring math delimiter \rgroup on input line 878.
LaTeX Font Info:    Redeclaring math delimiter \lceil on input line 879.
LaTeX Font Info:    Redeclaring math delimiter \rceil on input line 880.
LaTeX Font Info:    Redeclaring math delimiter \lfloor on input line 881.
LaTeX Font Info:    Redeclaring math delimiter \rfloor on input line 882.
LaTeX Font Info:    Redeclaring math symbol \braceld on input line 900.
LaTeX Font Info:    Redeclaring math symbol \bracerd on input line 902.
LaTeX Font Info:    Redeclaring math symbol \bracelu on input line 904.
LaTeX Font Info:    Redeclaring math symbol \braceru on input line 906.
LaTeX Font Info:    Redeclaring math accent \widehat on input line 941.
LaTeX Font Info:    Redeclaring math accent \widetilde on input line 943.
))
("C:\Program Files\MiKTeX 2.9\tex\latex\polski\polski.sty"
Package: polski 2008/02/24 v1.3.3 Polish language package

Document language package `polski' v1.3.3 <2008/02/24>
\l@nohyphenation=\language70
("C:\Program Files\MiKTeX 2.9\tex\latex\base\ot4enc.def"
File: ot4enc.def 2005/09/27 v1.99g Standard LaTeX file
)
LaTeX Font Info:    Overwriting math alphabet `\mathbf' in version `normal'
(Font)                  OT1/cmr/bx/n --> OT4/cmr/bx/n on input line 310.
LaTeX Font Info:    Overwriting math alphabet `\mathsf' in version `normal'
(Font)                  OT1/cmss/m/n --> OT4/cmss/m/n on input line 310.
LaTeX Font Info:    Overwriting math alphabet `\mathit' in version `normal'
(Font)                  OT1/cmr/m/it --> OT4/cmr/m/it on input line 310.
LaTeX Font Info:    Overwriting math alphabet `\mathtt' in version `normal'
(Font)                  OT1/cmtt/m/n --> OT4/cmtt/m/n on input line 310.
LaTeX Font Info:    Overwriting math alphabet `\mathsf' in version `bold'
(Font)                  OT1/cmss/bx/n --> OT4/cmss/bx/n on input line 310.
LaTeX Font Info:    Overwriting math alphabet `\mathit' in version `bold'
(Font)                  OT1/cmr/bx/it --> OT4/cmr/bx/it on input line 310.
LaTeX Font Info:    Encoding `OT1' has changed to `OT4' for symbol font
(Font)              `operators' in the math version `normal' on input line 310.

LaTeX Font Info:    Overwriting symbol font `operators' in version `normal'
(Font)                  OT1/cmr/m/n --> OT4/cmr/m/n on input line 310.
LaTeX Font Info:    Overwriting symbol font `letters' in version `normal'
(Font)                  OML/cmm/m/it --> OML/plm/m/it on input line 310.
LaTeX Font Info:    Overwriting symbol font `symbols' in version `normal'
(Font)                  OMS/cmsy/m/n --> OMS/plsy/m/n on input line 310.
LaTeX Font Info:    Overwriting symbol font `largesymbols' in version `normal'
(Font)                  OMX/cmex/m/n --> OMX/plex/m/n on input line 310.
LaTeX Font Info:    Encoding `OT1' has changed to `OT4' for symbol font
(Font)              `operators' in the math version `bold' on input line 310.
LaTeX Font Info:    Overwriting symbol font `operators' in version `bold'
(Font)                  OT1/cmr/bx/n --> OT4/cmr/bx/n on input line 310.
LaTeX Font Info:    Overwriting symbol font `letters' in version `bold'
(Font)                  OML/cmm/b/it --> OML/plm/b/it on input line 310.
LaTeX Font Info:    Overwriting symbol font `symbols' in version `bold'
(Font)                  OMS/cmsy/b/n --> OMS/plsy/b/n on input line 310.

   Switching to Polish text encoding and Polish maths fonts.
LaTeX Font Info:    Try loading font information for OT4+cmr on input line 346.

("C:\Program Files\MiKTeX 2.9\tex\latex\polski\ot4cmr.fd"
File: ot4cmr.fd 2008/02/24 v1.2.1 Font defs for fonts PL (MW)
)
LaTeX Font Info:    Overwriting math alphabet `\mathbf' in version `normal'
(Font)                  OT4/cmr/bx/n --> OT4/cmr/bx/n on input line 346.
LaTeX Font Info:    Overwriting math alphabet `\mathsf' in version `normal'
(Font)                  OT4/cmss/m/n --> OT4/cmss/m/n on input line 346.
LaTeX Font Info:    Overwriting math alphabet `\mathit' in version `normal'
(Font)                  OT4/cmr/m/it --> OT4/cmr/m/it on input line 346.
LaTeX Font Info:    Overwriting math alphabet `\mathtt' in version `normal'
(Font)                  OT4/cmtt/m/n --> OT4/cmtt/m/n on input line 346.
LaTeX Font Info:    Overwriting math alphabet `\mathsf' in version `bold'
(Font)                  OT4/cmss/bx/n --> OT4/cmss/bx/n on input line 346.
LaTeX Font Info:    Overwriting math alphabet `\mathit' in version `bold'
(Font)                  OT4/cmr/bx/it --> OT4/cmr/bx/it on input line 346.
LaTeX Font Info:    Overwriting symbol font `operators' in version `normal'
(Font)                  OT4/cmr/m/n --> OT4/cmr/m/n on input line 346.
LaTeX Font Info:    Overwriting symbol font `letters' in version `normal'
(Font)                  OML/plm/m/it --> OML/plm/m/it on input line 346.
LaTeX Font Info:    Overwriting symbol font `symbols' in version `normal'
(Font)                  OMS/plsy/m/n --> OMS/plsy/m/n on input line 346.
LaTeX Font Info:    Overwriting symbol font `largesymbols' in version `normal'
(Font)                  OMX/plex/m/n --> OMX/plex/m/n on input line 346.
LaTeX Font Info:    Overwriting symbol font `operators' in version `bold'
(Font)                  OT4/cmr/bx/n --> OT4/cmr/bx/n on input line 346.
LaTeX Font Info:    Overwriting symbol font `letters' in version `bold'
(Font)                  OML/plm/b/it --> OML/plm/b/it on input line 346.
LaTeX Font Info:    Overwriting symbol font `symbols' in version `bold'
(Font)                  OMS/plsy/b/n --> OMS/plsy/b/n on input line 346.
LaTeX Font Info:    Redeclaring math symbol \xleq on input line 346.
LaTeX Font Info:    Redeclaring math symbol \xgeq on input line 346.
)
("C:\Program Files\MiKTeX 2.9\tex\latex\base\inputenc.sty"
Package: inputenc 2008/03/30 v1.1d Input encoding file
\inpenc@prehook=\toks23
\inpenc@posthook=\toks24

("C:\Program Files\MiKTeX 2.9\tex\latex\base\utf8.def"
File: utf8.def 2008/04/05 v1.1m UTF-8 support for inputenc
Now handling font encoding OML ...
... no UTF-8 mapping file for font encoding OML
Now handling font encoding T1 ...
... processing UTF-8 mapping file for font encoding T1

("C:\Program Files\MiKTeX 2.9\tex\latex\base\t1enc.dfu"
File: t1enc.dfu 2008/04/05 v1.1m UTF-8 support for inputenc
   defining Unicode char U+00A1 (decimal 161)
   defining Unicode char U+00A3 (decimal 163)
   defining Unicode char U+00AB (decimal 171)
   defining Unicode char U+00BB (decimal 187)
   defining Unicode char U+00BF (decimal 191)
   defining Unicode char U+00C0 (decimal 192)
   defining Unicode char U+00C1 (decimal 193)
   defining Unicode char U+00C2 (decimal 194)
   defining Unicode char U+00C3 (decimal 195)
   defining Unicode char U+00C4 (decimal 196)
   defining Unicode char U+00C5 (decimal 197)
   defining Unicode char U+00C6 (decimal 198)
   defining Unicode char U+00C7 (decimal 199)
   defining Unicode char U+00C8 (decimal 200)
   defining Unicode char U+00C9 (decimal 201)
   defining Unicode char U+00CA (decimal 202)
   defining Unicode char U+00CB (decimal 203)
   defining Unicode char U+00CC (decimal 204)
   defining Unicode char U+00CD (decimal 205)
   defining Unicode char U+00CE (decimal 206)
   defining Unicode char U+00CF (decimal 207)
   defining Unicode char U+00D0 (decimal 208)
   defining Unicode char U+00D1 (decimal 209)
   defining Unicode char U+00D2 (decimal 210)
   defining Unicode char U+00D3 (decimal 211)
   defining Unicode char U+00D4 (decimal 212)
   defining Unicode char U+00D5 (decimal 213)
   defining Unicode char U+00D6 (decimal 214)
   defining Unicode char U+00D8 (decimal 216)
   defining Unicode char U+00D9 (decimal 217)
   defining Unicode char U+00DA (decimal 218)
   defining Unicode char U+00DB (decimal 219)
   defining Unicode char U+00DC (decimal 220)
   defining Unicode char U+00DD (decimal 221)
   defining Unicode char U+00DE (decimal 222)
   defining Unicode char U+00DF (decimal 223)
   defining Unicode char U+00E0 (decimal 224)
   defining Unicode char U+00E1 (decimal 225)
   defining Unicode char U+00E2 (decimal 226)
   defining Unicode char U+00E3 (decimal 227)
   defining Unicode char U+00E4 (decimal 228)
   defining Unicode char U+00E5 (decimal 229)
   defining Unicode char U+00E6 (decimal 230)
   defining Unicode char U+00E7 (decimal 231)
   defining Unicode char U+00E8 (decimal 232)
   defining Unicode char U+00E9 (decimal 233)
   defining Unicode char U+00EA (decimal 234)
   defining Unicode char U+00EB (decimal 235)
   defining Unicode char U+00EC (decimal 236)
   defining Unicode char U+00ED (decimal 237)
   defining Unicode char U+00EE (decimal 238)
   defining Unicode char U+00EF (decimal 239)
   defining Unicode char U+00F0 (decimal 240)
   defining Unicode char U+00F1 (decimal 241)
   defining Unicode char U+00F2 (decimal 242)
   defining Unicode char U+00F3 (decimal 243)
   defining Unicode char U+00F4 (decimal 244)
   defining Unicode char U+00F5 (decimal 245)
   defining Unicode char U+00F6 (decimal 246)
   defining Unicode char U+00F8 (decimal 248)
   defining Unicode char U+00F9 (decimal 249)
   defining Unicode char U+00FA (decimal 250)
   defining Unicode char U+00FB (decimal 251)
   defining Unicode char U+00FC (decimal 252)
   defining Unicode char U+00FD (decimal 253)
   defining Unicode char U+00FE (decimal 254)
   defining Unicode char U+00FF (decimal 255)
   defining Unicode char U+0102 (decimal 258)
   defining Unicode char U+0103 (decimal 259)
   defining Unicode char U+0104 (decimal 260)
   defining Unicode char U+0105 (decimal 261)
   defining Unicode char U+0106 (decimal 262)
   defining Unicode char U+0107 (decimal 263)
   defining Unicode char U+010C (decimal 268)
   defining Unicode char U+010D (decimal 269)
   defining Unicode char U+010E (decimal 270)
   defining Unicode char U+010F (decimal 271)
   defining Unicode char U+0110 (decimal 272)
   defining Unicode char U+0111 (decimal 273)
   defining Unicode char U+0118 (decimal 280)
   defining Unicode char U+0119 (decimal 281)
   defining Unicode char U+011A (decimal 282)
   defining Unicode char U+011B (decimal 283)
   defining Unicode char U+011E (decimal 286)
   defining Unicode char U+011F (decimal 287)
   defining Unicode char U+0130 (decimal 304)
   defining Unicode char U+0131 (decimal 305)
   defining Unicode char U+0132 (decimal 306)
   defining Unicode char U+0133 (decimal 307)
   defining Unicode char U+0139 (decimal 313)
   defining Unicode char U+013A (decimal 314)
   defining Unicode char U+013D (decimal 317)
   defining Unicode char U+013E (decimal 318)
   defining Unicode char U+0141 (decimal 321)
   defining Unicode char U+0142 (decimal 322)
   defining Unicode char U+0143 (decimal 323)
   defining Unicode char U+0144 (decimal 324)
   defining Unicode char U+0147 (decimal 327)
   defining Unicode char U+0148 (decimal 328)
   defining Unicode char U+014A (decimal 330)
   defining Unicode char U+014B (decimal 331)
   defining Unicode char U+0150 (decimal 336)
   defining Unicode char U+0151 (decimal 337)
   defining Unicode char U+0152 (decimal 338)
   defining Unicode char U+0153 (decimal 339)
   defining Unicode char U+0154 (decimal 340)
   defining Unicode char U+0155 (decimal 341)
   defining Unicode char U+0158 (decimal 344)
   defining Unicode char U+0159 (decimal 345)
   defining Unicode char U+015A (decimal 346)
   defining Unicode char U+015B (decimal 347)
   defining Unicode char U+015E (decimal 350)
   defining Unicode char U+015F (decimal 351)
   defining Unicode char U+0160 (decimal 352)
   defining Unicode char U+0161 (decimal 353)
   defining Unicode char U+0162 (decimal 354)
   defining Unicode char U+0163 (decimal 355)
   defining Unicode char U+0164 (decimal 356)
   defining Unicode char U+0165 (decimal 357)
   defining Unicode char U+016E (decimal 366)
   defining Unicode char U+016F (decimal 367)
   defining Unicode char U+0170 (decimal 368)
   defining Unicode char U+0171 (decimal 369)
   defining Unicode char U+0178 (decimal 376)
   defining Unicode char U+0179 (decimal 377)
   defining Unicode char U+017A (decimal 378)
   defining Unicode char U+017B (decimal 379)
   defining Unicode char U+017C (decimal 380)
   defining Unicode char U+017D (decimal 381)
   defining Unicode char U+017E (decimal 382)
   defining Unicode char U+200C (decimal 8204)
   defining Unicode char U+2013 (decimal 8211)
   defining Unicode char U+2014 (decimal 8212)
   defining Unicode char U+2018 (decimal 8216)
   defining Unicode char U+2019 (decimal 8217)
   defining Unicode char U+201A (decimal 8218)
   defining Unicode char U+201C (decimal 8220)
   defining Unicode char U+201D (decimal 8221)
   defining Unicode char U+201E (decimal 8222)
   defining Unicode char U+2030 (decimal 8240)
   defining Unicode char U+2031 (decimal 8241)
   defining Unicode char U+2039 (decimal 8249)
   defining Unicode char U+203A (decimal 8250)
   defining Unicode char U+2423 (decimal 9251)
)
Now handling font encoding OT1 ...
... processing UTF-8 mapping file for font encoding OT1

("C:\Program Files\MiKTeX 2.9\tex\latex\base\ot1enc.dfu"
File: ot1enc.dfu 2008/04/05 v1.1m UTF-8 support for inputenc
   defining Unicode char U+00A1 (decimal 161)
   defining Unicode char U+00A3 (decimal 163)
   defining Unicode char U+00B8 (decimal 184)
   defining Unicode char U+00BF (decimal 191)
   defining Unicode char U+00C5 (decimal 197)
   defining Unicode char U+00C6 (decimal 198)
   defining Unicode char U+00D8 (decimal 216)
   defining Unicode char U+00DF (decimal 223)
   defining Unicode char U+00E6 (decimal 230)
   defining Unicode char U+00EC (decimal 236)
   defining Unicode char U+00ED (decimal 237)
   defining Unicode char U+00EE (decimal 238)
   defining Unicode char U+00EF (decimal 239)
   defining Unicode char U+00F8 (decimal 248)
   defining Unicode char U+0131 (decimal 305)
   defining Unicode char U+0141 (decimal 321)
   defining Unicode char U+0142 (decimal 322)
   defining Unicode char U+0152 (decimal 338)
   defining Unicode char U+0153 (decimal 339)
   defining Unicode char U+2013 (decimal 8211)
   defining Unicode char U+2014 (decimal 8212)
   defining Unicode char U+2018 (decimal 8216)
   defining Unicode char U+2019 (decimal 8217)
   defining Unicode char U+201C (decimal 8220)
   defining Unicode char U+201D (decimal 8221)
)
Now handling font encoding OMS ...
... processing UTF-8 mapping file for font encoding OMS

("C:\Program Files\MiKTeX 2.9\tex\latex\base\omsenc.dfu"
File: omsenc.dfu 2008/04/05 v1.1m UTF-8 support for inputenc
   defining Unicode char U+00A7 (decimal 167)
   defining Unicode char U+00B6 (decimal 182)
   defining Unicode char U+00B7 (decimal 183)
   defining Unicode char U+2020 (decimal 8224)
   defining Unicode char U+2021 (decimal 8225)
   defining Unicode char U+2022 (decimal 8226)
)
Now handling font encoding OMX ...
... no UTF-8 mapping file for font encoding OMX
Now handling font encoding U ...
... no UTF-8 mapping file for font encoding U
Now handling font encoding OT4 ...
... no UTF-8 mapping file for font encoding OT4
   defining Unicode char U+00A9 (decimal 169)
   defining Unicode char U+00AA (decimal 170)
   defining Unicode char U+00AE (decimal 174)
   defining Unicode char U+00BA (decimal 186)
   defining Unicode char U+02C6 (decimal 710)
   defining Unicode char U+02DC (decimal 732)
   defining Unicode char U+200C (decimal 8204)
   defining Unicode char U+2026 (decimal 8230)
   defining Unicode char U+2122 (decimal 8482)
   defining Unicode char U+2423 (decimal 9251)
))
("C:\Program Files\MiKTeX 2.9\tex\latex\caption\caption.sty"
Package: caption 2011/08/18 v3.2b Customizing captions (AR)

("C:\Program Files\MiKTeX 2.9\tex\latex\caption\caption3.sty"
Package: caption3 2011/08/18 v1.3b caption3 kernel (AR)
\captionmargin=\dimen121
\captionmargin@=\dimen122
\captionwidth=\dimen123
\caption@indent=\dimen124
\caption@parindent=\dimen125
\caption@hangindent=\dimen126
)
\c@ContinuedFloat=\count106
Package caption Info: float package is loaded.
)
("C:\Program Files\MiKTeX 2.9\tex\latex\mh\mathtools.sty"
Package: mathtools 2010/07/21 v1.08b mathematical typesetting tools (MH)

("C:\Program Files\MiKTeX 2.9\tex\latex\tools\calc.sty"
Package: calc 2007/08/22 v4.3 Infix arithmetic (KKT,FJ)
\calc@Acount=\count107
\calc@Bcount=\count108
\calc@Adimen=\dimen127
\calc@Bdimen=\dimen128
\calc@Askip=\skip47
\calc@Bskip=\skip48
LaTeX Info: Redefining \setlength on input line 76.
LaTeX Info: Redefining \addtolength on input line 77.
\calc@Ccount=\count109
\calc@Cskip=\skip49
)
("C:\Program Files\MiKTeX 2.9\tex\latex\mh\mhsetup.sty"
Package: mhsetup 2010/01/21 v1.2a programming setup (MH)
)
\g_MT_multlinerow_int=\count110
\l_MT_multwidth_dim=\dimen129
)
("C:\Program Files\MiKTeX 2.9\tex\latex\listings\listings.sty"
\lst@mode=\count111
\lst@gtempboxa=\box30
\lst@token=\toks25
\lst@length=\count112
\lst@currlwidth=\dimen130
\lst@column=\count113
\lst@pos=\count114
\lst@lostspace=\dimen131
\lst@width=\dimen132
\lst@newlines=\count115
\lst@lineno=\count116
\lst@maxwidth=\dimen133

("C:\Program Files\MiKTeX 2.9\tex\latex\listings\lstmisc.sty"
File: lstmisc.sty 2007/02/22 1.4 (Carsten Heinz)
\c@lstnumber=\count117
\lst@skipnumbers=\count118
\lst@framebox=\box31
)
("C:\Program Files\MiKTeX 2.9\tex\latex\listings\listings.cfg"
File: listings.cfg 2007/02/22 1.4 listings configuration
))
Package: listings 2007/02/22 1.4 (Carsten Heinz)

("C:\Program Files\MiKTeX 2.9\tex\latex\listings\lstlang1.sty"
File: lstlang1.sty 2004/09/05 1.3 listings language file
)
("C:\Program Files\MiKTeX 2.9\tex\latex\base\utf8.def"
File: utf8.def 2008/04/05 v1.1m UTF-8 support for inputenc
Now handling font encoding OML ...
... no UTF-8 mapping file for font encoding OML
Now handling font encoding T1 ...
... processing UTF-8 mapping file for font encoding T1

("C:\Program Files\MiKTeX 2.9\tex\latex\base\t1enc.dfu"
File: t1enc.dfu 2008/04/05 v1.1m UTF-8 support for inputenc
   defining Unicode char U+00A1 (decimal 161)
   defining Unicode char U+00A3 (decimal 163)
   defining Unicode char U+00AB (decimal 171)
   defining Unicode char U+00BB (decimal 187)
   defining Unicode char U+00BF (decimal 191)
   defining Unicode char U+00C0 (decimal 192)
   defining Unicode char U+00C1 (decimal 193)
   defining Unicode char U+00C2 (decimal 194)
   defining Unicode char U+00C3 (decimal 195)
   defining Unicode char U+00C4 (decimal 196)
   defining Unicode char U+00C5 (decimal 197)
   defining Unicode char U+00C6 (decimal 198)
   defining Unicode char U+00C7 (decimal 199)
   defining Unicode char U+00C8 (decimal 200)
   defining Unicode char U+00C9 (decimal 201)
   defining Unicode char U+00CA (decimal 202)
   defining Unicode char U+00CB (decimal 203)
   defining Unicode char U+00CC (decimal 204)
   defining Unicode char U+00CD (decimal 205)
   defining Unicode char U+00CE (decimal 206)
   defining Unicode char U+00CF (decimal 207)
   defining Unicode char U+00D0 (decimal 208)
   defining Unicode char U+00D1 (decimal 209)
   defining Unicode char U+00D2 (decimal 210)
   defining Unicode char U+00D3 (decimal 211)
   defining Unicode char U+00D4 (decimal 212)
   defining Unicode char U+00D5 (decimal 213)
   defining Unicode char U+00D6 (decimal 214)
   defining Unicode char U+00D8 (decimal 216)
   defining Unicode char U+00D9 (decimal 217)
   defining Unicode char U+00DA (decimal 218)
   defining Unicode char U+00DB (decimal 219)
   defining Unicode char U+00DC (decimal 220)
   defining Unicode char U+00DD (decimal 221)
   defining Unicode char U+00DE (decimal 222)
   defining Unicode char U+00DF (decimal 223)
   defining Unicode char U+00E0 (decimal 224)
   defining Unicode char U+00E1 (decimal 225)
   defining Unicode char U+00E2 (decimal 226)
   defining Unicode char U+00E3 (decimal 227)
   defining Unicode char U+00E4 (decimal 228)
   defining Unicode char U+00E5 (decimal 229)
   defining Unicode char U+00E6 (decimal 230)
   defining Unicode char U+00E7 (decimal 231)
   defining Unicode char U+00E8 (decimal 232)
   defining Unicode char U+00E9 (decimal 233)
   defining Unicode char U+00EA (decimal 234)
   defining Unicode char U+00EB (decimal 235)
   defining Unicode char U+00EC (decimal 236)
   defining Unicode char U+00ED (decimal 237)
   defining Unicode char U+00EE (decimal 238)
   defining Unicode char U+00EF (decimal 239)
   defining Unicode char U+00F0 (decimal 240)
   defining Unicode char U+00F1 (decimal 241)
   defining Unicode char U+00F2 (decimal 242)
   defining Unicode char U+00F3 (decimal 243)
   defining Unicode char U+00F4 (decimal 244)
   defining Unicode char U+00F5 (decimal 245)
   defining Unicode char U+00F6 (decimal 246)
   defining Unicode char U+00F8 (decimal 248)
   defining Unicode char U+00F9 (decimal 249)
   defining Unicode char U+00FA (decimal 250)
   defining Unicode char U+00FB (decimal 251)
   defining Unicode char U+00FC (decimal 252)
   defining Unicode char U+00FD (decimal 253)
   defining Unicode char U+00FE (decimal 254)
   defining Unicode char U+00FF (decimal 255)
   defining Unicode char U+0102 (decimal 258)
   defining Unicode char U+0103 (decimal 259)
   defining Unicode char U+0104 (decimal 260)
   defining Unicode char U+0105 (decimal 261)
   defining Unicode char U+0106 (decimal 262)
   defining Unicode char U+0107 (decimal 263)
   defining Unicode char U+010C (decimal 268)
   defining Unicode char U+010D (decimal 269)
   defining Unicode char U+010E (decimal 270)
   defining Unicode char U+010F (decimal 271)
   defining Unicode char U+0110 (decimal 272)
   defining Unicode char U+0111 (decimal 273)
   defining Unicode char U+0118 (decimal 280)
   defining Unicode char U+0119 (decimal 281)
   defining Unicode char U+011A (decimal 282)
   defining Unicode char U+011B (decimal 283)
   defining Unicode char U+011E (decimal 286)
   defining Unicode char U+011F (decimal 287)
   defining Unicode char U+0130 (decimal 304)
   defining Unicode char U+0131 (decimal 305)
   defining Unicode char U+0132 (decimal 306)
   defining Unicode char U+0133 (decimal 307)
   defining Unicode char U+0139 (decimal 313)
   defining Unicode char U+013A (decimal 314)
   defining Unicode char U+013D (decimal 317)
   defining Unicode char U+013E (decimal 318)
   defining Unicode char U+0141 (decimal 321)
   defining Unicode char U+0142 (decimal 322)
   defining Unicode char U+0143 (decimal 323)
   defining Unicode char U+0144 (decimal 324)
   defining Unicode char U+0147 (decimal 327)
   defining Unicode char U+0148 (decimal 328)
   defining Unicode char U+014A (decimal 330)
   defining Unicode char U+014B (decimal 331)
   defining Unicode char U+0150 (decimal 336)
   defining Unicode char U+0151 (decimal 337)
   defining Unicode char U+0152 (decimal 338)
   defining Unicode char U+0153 (decimal 339)
   defining Unicode char U+0154 (decimal 340)
   defining Unicode char U+0155 (decimal 341)
   defining Unicode char U+0158 (decimal 344)
   defining Unicode char U+0159 (decimal 345)
   defining Unicode char U+015A (decimal 346)
   defining Unicode char U+015B (decimal 347)
   defining Unicode char U+015E (decimal 350)
   defining Unicode char U+015F (decimal 351)
   defining Unicode char U+0160 (decimal 352)
   defining Unicode char U+0161 (decimal 353)
   defining Unicode char U+0162 (decimal 354)
   defining Unicode char U+0163 (decimal 355)
   defining Unicode char U+0164 (decimal 356)
   defining Unicode char U+0165 (decimal 357)
   defining Unicode char U+016E (decimal 366)
   defining Unicode char U+016F (decimal 367)
   defining Unicode char U+0170 (decimal 368)
   defining Unicode char U+0171 (decimal 369)
   defining Unicode char U+0178 (decimal 376)
   defining Unicode char U+0179 (decimal 377)
   defining Unicode char U+017A (decimal 378)
   defining Unicode char U+017B (decimal 379)
   defining Unicode char U+017C (decimal 380)
   defining Unicode char U+017D (decimal 381)
   defining Unicode char U+017E (decimal 382)
   defining Unicode char U+200C (decimal 8204)
   defining Unicode char U+2013 (decimal 8211)
   defining Unicode char U+2014 (decimal 8212)
   defining Unicode char U+2018 (decimal 8216)
   defining Unicode char U+2019 (decimal 8217)
   defining Unicode char U+201A (decimal 8218)
   defining Unicode char U+201C (decimal 8220)
   defining Unicode char U+201D (decimal 8221)
   defining Unicode char U+201E (decimal 8222)
   defining Unicode char U+2030 (decimal 8240)
   defining Unicode char U+2031 (decimal 8241)
   defining Unicode char U+2039 (decimal 8249)
   defining Unicode char U+203A (decimal 8250)
   defining Unicode char U+2423 (decimal 9251)
)
Now handling font encoding OT1 ...
... processing UTF-8 mapping file for font encoding OT1

("C:\Program Files\MiKTeX 2.9\tex\latex\base\ot1enc.dfu"
File: ot1enc.dfu 2008/04/05 v1.1m UTF-8 support for inputenc
   defining Unicode char U+00A1 (decimal 161)
   defining Unicode char U+00A3 (decimal 163)
   defining Unicode char U+00B8 (decimal 184)
   defining Unicode char U+00BF (decimal 191)
   defining Unicode char U+00C5 (decimal 197)
   defining Unicode char U+00C6 (decimal 198)
   defining Unicode char U+00D8 (decimal 216)
   defining Unicode char U+00DF (decimal 223)
   defining Unicode char U+00E6 (decimal 230)
   defining Unicode char U+00EC (decimal 236)
   defining Unicode char U+00ED (decimal 237)
   defining Unicode char U+00EE (decimal 238)
   defining Unicode char U+00EF (decimal 239)
   defining Unicode char U+00F8 (decimal 248)
   defining Unicode char U+0131 (decimal 305)
   defining Unicode char U+0141 (decimal 321)
   defining Unicode char U+0142 (decimal 322)
   defining Unicode char U+0152 (decimal 338)
   defining Unicode char U+0153 (decimal 339)
   defining Unicode char U+2013 (decimal 8211)
   defining Unicode char U+2014 (decimal 8212)
   defining Unicode char U+2018 (decimal 8216)
   defining Unicode char U+2019 (decimal 8217)
   defining Unicode char U+201C (decimal 8220)
   defining Unicode char U+201D (decimal 8221)
)
Now handling font encoding OMS ...
... processing UTF-8 mapping file for font encoding OMS

("C:\Program Files\MiKTeX 2.9\tex\latex\base\omsenc.dfu"
File: omsenc.dfu 2008/04/05 v1.1m UTF-8 support for inputenc
   defining Unicode char U+00A7 (decimal 167)
   defining Unicode char U+00B6 (decimal 182)
   defining Unicode char U+00B7 (decimal 183)
   defining Unicode char U+2020 (decimal 8224)
   defining Unicode char U+2021 (decimal 8225)
   defining Unicode char U+2022 (decimal 8226)
)
Now handling font encoding OMX ...
... no UTF-8 mapping file for font encoding OMX
Now handling font encoding U ...
... no UTF-8 mapping file for font encoding U
Now handling font encoding OT4 ...
... no UTF-8 mapping file for font encoding OT4
   defining Unicode char U+00A9 (decimal 169)
   defining Unicode char U+00AA (decimal 170)
   defining Unicode char U+00AE (decimal 174)
   defining Unicode char U+00BA (decimal 186)
   defining Unicode char U+02C6 (decimal 710)
   defining Unicode char U+02DC (decimal 732)
   defining Unicode char U+200C (decimal 8204)
   defining Unicode char U+2026 (decimal 8230)
   defining Unicode char U+2122 (decimal 8482)
   defining Unicode char U+2423 (decimal 9251)
)
(C:\doc\MSc\tex\texlipse\Thesis.aux)
LaTeX Font Info:    Checking defaults for OML/cmm/m/it on input line 47.
LaTeX Font Info:    ... okay on input line 47.
LaTeX Font Info:    Checking defaults for T1/cmr/m/n on input line 47.
LaTeX Font Info:    ... okay on input line 47.
LaTeX Font Info:    Checking defaults for OT1/cmr/m/n on input line 47.
LaTeX Font Info:    ... okay on input line 47.
LaTeX Font Info:    Checking defaults for OMS/cmsy/m/n on input line 47.
LaTeX Font Info:    ... okay on input line 47.
LaTeX Font Info:    Checking defaults for OMX/cmex/m/n on input line 47.
LaTeX Font Info:    ... okay on input line 47.
LaTeX Font Info:    Checking defaults for U/mathx/m/n on input line 47.
LaTeX Font Info:    ... okay on input line 47.
LaTeX Font Info:    Checking defaults for OT4/cmr/m/n on input line 47.
LaTeX Font Info:    ... okay on input line 47.

("C:\Program Files\MiKTeX 2.9\tex\context\base\supp-pdf.mkii"
[Loading MPS to PDF converter (version 2006.09.02).]
\scratchcounter=\count119
\scratchdimen=\dimen134
\scratchbox=\box32
\nofMPsegments=\count120
\nofMParguments=\count121
\everyMPshowfont=\toks26
\MPscratchCnt=\count122
\MPscratchDim=\dimen135
\MPnumerator=\count123
\makeMPintoPDFobject=\count124
\everyMPtoPDFconversion=\toks27
)
Package caption Info: Begin \AtBeginDocument code.
Package caption Info: listings package is loaded.
Package caption Info: End \AtBeginDocument code.
\c@lstlisting=\count125
LaTeX Font Info:    Try loading font information for OML+plm on input line 52.
 ("C:\Program Files\MiKTeX 2.9\tex\latex\polski\omlplm.fd"
File: omlplm.fd 2008/02/24 v1.2.1 Font defs for fonts PL (MW)
)
LaTeX Font Info:    Try loading font information for OMS+plsy on input line 52.


("C:\Program Files\MiKTeX 2.9\tex\latex\polski\omsplsy.fd"
File: omsplsy.fd 2008/02/24 v1.2.1 Font defs for fonts PL (MW)
)
LaTeX Font Info:    Try loading font information for OMX+plex on input line 52.


("C:\Program Files\MiKTeX 2.9\tex\latex\polski\omxplex.fd"
File: omxplex.fd 2008/02/24 v1.2.1 Font defs for fonts PL (MW)
)
LaTeX Font Info:    External font `plex10' loaded for size
(Font)              <14.4> on input line 52.
LaTeX Font Info:    External font `plex10' loaded for size
(Font)              <10> on input line 52.
LaTeX Font Info:    External font `plex10' loaded for size
(Font)              <7> on input line 52.
LaTeX Font Info:    Try loading font information for U+msa on input line 52.

("C:\Program Files\MiKTeX 2.9\tex\latex\amsfonts\umsa.fd"
File: umsa.fd 2009/06/22 v3.00 AMS symbols A
)
LaTeX Font Info:    Try loading font information for U+msb on input line 52.

("C:\Program Files\MiKTeX 2.9\tex\latex\amsfonts\umsb.fd"
File: umsb.fd 2009/06/22 v3.00 AMS symbols B
)
<./../img/title.png, id=1, 229.60782pt x 223.58531pt>
File: ./../img/title.png Graphic file (type png)
 <use ./../img/title.png>
[1

{C:/Users/Krzysztof/AppData/Local/MiKTeX/2.9/pdftex/config/pdftex.map} <C:/doc/
MSc/tex/img/title.png>]
LaTeX Font Info:    Try loading font information for OMS+cmr on input line 80.
 ("C:\Program Files\MiKTeX 2.9\tex\latex\base\omscmr.fd"
File: omscmr.fd 1999/05/25 v2.5h Standard LaTeX font definitions
)
LaTeX Font Info:    Font shape `OMS/cmr/m/n' in size <12> not available
(Font)              Font shape `OMS/cmsy/m/n' tried instead on input line 80.
LaTeX Font Info:    Try loading font information for OT4+cmtt on input line 89.

 ("C:\Program Files\MiKTeX 2.9\tex\latex\polski\ot4cmtt.fd"
File: ot4cmtt.fd 2008/02/24 v1.2.1 Font defs for fonts PL (MW)
) [2]
<./../img/nlo.png, id=16, 371.88937pt x 368.87813pt>
File: ./../img/nlo.png Graphic file (type png)
 <use ./../img/nlo.png>
LaTeX Font Info:    External font `plex10' loaded for size
(Font)              <12> on input line 149.
LaTeX Font Info:    External font `plex10' loaded for size
(Font)              <8> on input line 149.
LaTeX Font Info:    External font `plex10' loaded for size
(Font)              <6> on input line 149.

[3] [4 <C:/doc/MSc/tex/img/nlo.png>]
<./../img/convolution.png, id=30, 429.85594pt x 210.03468pt>
File: ./../img/convolution.png Graphic file (type png)

<use ./../img/convolution.png> [5 <C:/doc/MSc/tex/img/convolution.png>]
LaTeX Font Info:    External font `plex10' loaded for size
(Font)              <5> on input line 270.

<./../img/equalizer.png, id=40, 106.14656pt x 70.01157pt>
File: ./../img/equalizer.png Graphic file (type png)

<use ./../img/equalizer.png> [6] [7 <C:/doc/MSc/tex/img/equalizer.png>]
<./../img/opt_phenom3.png, id=53, 551.05875pt x 309.40594pt>
File: ./../img/opt_phenom3.png Graphic file (type png)

<use ./../img/opt_phenom3.png> [8 <C:/doc/MSc/tex/img/opt_phenom3.png>]
[9] [10] <./../img/lin_plot.png, id=65, 490.83376pt x 307.1475pt>
File: ./../img/lin_plot.png Graphic file (type png)

<use ./../img/lin_plot.png>
Underfull \vbox (badness 3503) has occurred while \output is active []

 [11]
[12 <C:/doc/MSc/tex/img/lin_plot.png>]
<./../img/pnp.png, id=74, 341.77687pt x 207.77625pt>
File: ./../img/pnp.png Graphic file (type png)
 <use ./../img/pnp.png>
[13 <C:/doc/MSc/tex/img/pnp.png>]
<./../img/pnp_abs.png, id=80, 278.54062pt x 318.43968pt>
File: ./../img/pnp_abs.png Graphic file (type png)

<use ./../img/pnp_abs.png> [14 <C:/doc/MSc/tex/img/pnp_abs.png>]
<./../img/pnp_2d.png, id=85, 781.41937pt x 313.17pt>
File: ./../img/pnp_2d.png Graphic file (type png)
 <use ./../img/pnp_2d.png>
<./../img/pnp_3d.png, id=86, 717.43031pt x 296.60812pt>
File: ./../img/pnp_3d.png Graphic file (type png)

<use ./../img/pnp_3d.png>
<./../img/fmix_sch.png, id=87, 395.22656pt x 154.32657pt>
File: ./../img/fmix_sch.png Graphic file (type png)

<use ./../img/fmix_sch.png> [15 <C:/doc/MSc/tex/img/pnp_2d.png> <C:/doc/MSc/tex
/img/pnp_3d.png>] <./../img/fmix_2d.png, id=93, 685.05937pt x 292.84406pt>
File: ./../img/fmix_2d.png Graphic file (type png)

<use ./../img/fmix_2d.png>
<./../img/fmix_3d.png, id=94, 676.02562pt x 297.36093pt>
File: ./../img/fmix_3d.png Graphic file (type png)

<use ./../img/fmix_3d.png> [16 <C:/doc/MSc/tex/img/fmix_sch.png>] [17 <C:/doc/M
Sc/tex/img/fmix_2d.png> <C:/doc/MSc/tex/img/fmix_3d.png>] [18] [19] [20]
<./../img/qp_plot.png, id=114, 889.07156pt x 304.88907pt>
File: ./../img/qp_plot.png Graphic file (type png)

<use ./../img/qp_plot.png>
<./../img/qp_3da.png, id=115, 569.12625pt x 262.73157pt>
File: ./../img/qp_3da.png Graphic file (type png)

<use ./../img/qp_3da.png>
<./../img/qp_3db.png, id=116, 456.95718pt x 280.04625pt>
File: ./../img/qp_3db.png Graphic file (type png)

<use ./../img/qp_3db.png>
Underfull \vbox (badness 10000) has occurred while \output is active []

 [21]
<./../img/htran_illustration.png, id=120, 804.00375pt x 444.91219pt>
File: ./../img/htran_illustration.png Graphic file (type png)

<use ./../img/htran_illustration.png> [22 <C:/doc/MSc/tex/img/qp_plot.png>]
[23 <C:/doc/MSc/tex/img/qp_3da.png> <C:/doc/MSc/tex/img/qp_3db.png>] [24 <C:/do
c/MSc/tex/img/htran_illustration.png>] [25] [26]
<./../img/htran_lin.png, id=142, 513.41812pt x 411.78844pt>
File: ./../img/htran_lin.png Graphic file (type png)

<use ./../img/htran_lin.png> [27 <C:/doc/MSc/tex/img/htran_lin.png>]
<./../img/htran_pnp_2d.png, id=149, 536.75531pt x 292.84406pt>
File: ./../img/htran_pnp_2d.png Graphic file (type png)

<use ./../img/htran_pnp_2d.png>
<./../img/htran_pnp_3derr.png, id=150, 338.76563pt x 268.75406pt>
File: ./../img/htran_pnp_3derr.png Graphic file (type png)

<use ./../img/htran_pnp_3derr.png> [28 <C:/doc/MSc/tex/img/htran_pnp_2d.png>]
<./../img/htran_fmix_2d.png, id=156, 609.02531pt x 357.58594pt>
File: ./../img/htran_fmix_2d.png Graphic file (type png)

<use ./../img/htran_fmix_2d.png>
<./../img/htran_fmix_3derr.png, id=157, 371.13657pt x 293.59688pt>
File: ./../img/htran_fmix_3derr.png Graphic file (type png)

<use ./../img/htran_fmix_3derr.png>
<./../img/htran_qp_2da.png, id=158, 446.41782pt x 431.36156pt>
File: ./../img/htran_qp_2da.png Graphic file (type png)

<use ./../img/htran_qp_2da.png>
<./../img/htran_qp_2db.png, id=159, 413.29407pt x 431.36156pt>
File: ./../img/htran_qp_2db.png Graphic file (type png)

<use ./../img/htran_qp_2db.png> [29 <C:/doc/MSc/tex/img/htran_pnp_3derr.png>]
[30 <C:/doc/MSc/tex/img/htran_fmix_2d.png> <C:/doc/MSc/tex/img/htran_fmix_3derr
.png>] <./../img/htran_qp_3d.png, id=169, 842.39719pt x 490.08093pt>
File: ./../img/htran_qp_3d.png Graphic file (type png)

<use ./../img/htran_qp_3d.png> [31 <C:/doc/MSc/tex/img/htran_qp_2da.png> <C:/do
c/MSc/tex/img/htran_qp_2db.png>]
LaTeX Font Info:    Font shape `OMS/cmr/m/n' in size <8> not available
(Font)              Font shape `OMS/cmsy/m/n' tried instead on input line 1482.

 [32 <C:/doc/MSc/tex/img/htran_qp_3d.png>]
<./../img/nc_lin1.png, id=182, 541.27219pt x 280.04625pt>
File: ./../img/nc_lin1.png Graphic file (type png)

<use ./../img/nc_lin1.png>
<./../img/nc_lin2.png, id=183, 530.73282pt x 274.77657pt>
File: ./../img/nc_lin2.png Graphic file (type png)

<use ./../img/nc_lin2.png>
<./../img/nc_lin3.png, id=184, 504.38437pt x 268.75406pt>
File: ./../img/nc_lin3.png Graphic file (type png)

<use ./../img/nc_lin3.png>
<./../img/nc_lin4.png, id=185, 529.98pt x 277.035pt>
File: ./../img/nc_lin4.png Graphic file (type png)

<use ./../img/nc_lin4.png> [33] [34 <C:/doc/MSc/tex/img/nc_lin1.png> <C:/doc/MS
c/tex/img/nc_lin2.png>] [35 <C:/doc/MSc/tex/img/nc_lin3.png> <C:/doc/MSc/tex/im
g/nc_lin4.png>] <./../img/nc_pnp.png, id=200, 1560.5803pt x 622.57594pt>
File: ./../img/nc_pnp.png Graphic file (type png)

<use ./../img/nc_pnp.png>
<./../img/nc_fmix1.png, id=201, 528.47438pt x 274.77657pt>
File: ./../img/nc_fmix1.png Graphic file (type png)

<use ./../img/nc_fmix1.png> [36 <C:/doc/MSc/tex/img/nc_pnp.png>]
<./../img/nc_qp1.png, id=206, 832.61063pt x 291.33844pt>
File: ./../img/nc_qp1.png Graphic file (type png)

<use ./../img/nc_qp1.png> [37 <C:/doc/MSc/tex/img/nc_fmix1.png>]
<./../img/nc_quantum2.png, id=212, 1605.74907pt x 627.84563pt>
File: ./../img/nc_quantum2.png Graphic file (type png)

<use ./../img/nc_quantum2.png> [38 <C:/doc/MSc/tex/img/nc_qp1.png>] [39 <C:/doc
/MSc/tex/img/nc_quantum2.png>] [40]
<./../img/hcc_lin1.png, id=224, 767.11594pt x 604.50844pt>
File: ./../img/hcc_lin1.png Graphic file (type png)

<use ./../img/hcc_lin1.png>
<./../img/hcc_lin2.png, id=225, 755.82375pt x 599.23875pt>
File: ./../img/hcc_lin2.png Graphic file (type png)

<use ./../img/hcc_lin2.png>
<./../img/hcc_pnp.png, id=226, 1582.41188pt x 636.87938pt>
File: ./../img/hcc_pnp.png Graphic file (type png)

<use ./../img/hcc_pnp.png>
<./../img/hcc_fmix.png, id=227, 1601.2322pt x 606.01407pt>
File: ./../img/hcc_fmix.png Graphic file (type png)

<use ./../img/hcc_fmix.png>
<./../img/hcc_qp1.png, id=228, 1551.54657pt x 627.09282pt>
File: ./../img/hcc_qp1.png Graphic file (type png)

<use ./../img/hcc_qp1.png> [41] [42 <C:/doc/MSc/tex/img/hcc_lin1.png>] [43 <C:/
doc/MSc/tex/img/hcc_lin2.png> <C:/doc/MSc/tex/img/hcc_pnp.png>] [44 <C:/doc/MSc
/tex/img/hcc_fmix.png> <C:/doc/MSc/tex/img/hcc_qp1.png>]
<./../img/hcc_qp2.png, id=247, 1568.10844pt x 642.14906pt>
File: ./../img/hcc_qp2.png Graphic file (type png)

<use ./../img/hcc_qp2.png> [45] [46 <C:/doc/MSc/tex/img/hcc_qp2.png>] [47]
[48] <./../img/fht_lin.png, id=261, 800.9925pt x 300.3722pt>
File: ./../img/fht_lin.png Graphic file (type png)

<use ./../img/fht_lin.png> [49]
<./../img/fht_pnp.png, id=266, 772.38562pt x 312.41719pt>
File: ./../img/fht_pnp.png Graphic file (type png)

<use ./../img/fht_pnp.png>
<./../img/fht_fmix.png, id=267, 763.35187pt x 298.86656pt>
File: ./../img/fht_fmix.png Graphic file (type png)

<use ./../img/fht_fmix.png>
<./../img/fht_qp1.png, id=268, 761.09344pt x 301.125pt>
File: ./../img/fht_qp1.png Graphic file (type png)

<use ./../img/fht_qp1.png> [50 <C:/doc/MSc/tex/img/fht_lin.png>] [51 <C:/doc/MS
c/tex/img/fht_pnp.png> <C:/doc/MSc/tex/img/fht_fmix.png>]
<./../img/fht_qp2.png, id=278, 776.9025pt x 303.38344pt>
File: ./../img/fht_qp2.png Graphic file (type png)

<use ./../img/fht_qp2.png>
Underfull \vbox (badness 10000) has occurred while \output is active []

 [52 <C:/doc/MSc/tex/img/fht_qp1.png>] [53 <C:/doc/MSc/tex/img/fht_qp2.png>] [5
4]
<./../img/hht_lin.png, id=290, 763.35187pt x 312.41719pt>
File: ./../img/hht_lin.png Graphic file (type png)

<use ./../img/hht_lin.png> [55 <C:/doc/MSc/tex/img/hht_lin.png>]
<./../img/hht_pnp.png, id=296, 779.16093pt x 309.40594pt>
File: ./../img/hht_pnp.png Graphic file (type png)

<use ./../img/hht_pnp.png>
<./../img/hht_fmix.png, id=297, 775.39688pt x 304.88907pt>
File: ./../img/hht_fmix.png Graphic file (type png)

<use ./../img/hht_fmix.png>
<./../img/hht_qp1.png, id=298, 774.64406pt x 306.39468pt>
File: ./../img/hht_qp1.png Graphic file (type png)

<use ./../img/hht_qp1.png> [56 <C:/doc/MSc/tex/img/hht_pnp.png>] [57 <C:/doc/MS
c/tex/img/hht_fmix.png> <C:/doc/MSc/tex/img/hht_qp1.png>]
<./../img/hht_qp2.png, id=308, 765.6103pt x 310.15875pt>
File: ./../img/hht_qp2.png Graphic file (type png)

<use ./../img/hht_qp2.png>
Underfull \vbox (badness 10000) has occurred while \output is active []

 [58 <C:/doc/MSc/tex/img/hht_qp2.png>] [59]
<./../img/four_lin.png, id=316, 773.13844pt x 307.1475pt>
File: ./../img/four_lin.png Graphic file (type png)

<use ./../img/four_lin.png>
<./../img/four_pnp.png, id=317, 761.09344pt x 303.38344pt>
File: ./../img/four_pnp.png Graphic file (type png)

<use ./../img/four_pnp.png>
<./../img/four_fmix.png, id=318, 768.62157pt x 304.13625pt>
File: ./../img/four_fmix.png Graphic file (type png)

<use ./../img/four_fmix.png>
Underfull \vbox (badness 7064) has occurred while \output is active []

 [60 <C:/doc/MSc/tex/img/four_lin.png>] [61 <C:/doc/MSc/tex/img/four_pnp.png> <
C:/doc/MSc/tex/img/four_fmix.png>]
<./../img/four_qp1.png, id=329, 767.11594pt x 312.41719pt>
File: ./../img/four_qp1.png Graphic file (type png)

<use ./../img/four_qp1.png>
Underfull \vbox (badness 10000) has occurred while \output is active []

 [62 <C:/doc/MSc/tex/img/four_qp1.png>]
<./../img/four_qp2.png, id=334, 770.12718pt x 306.39468pt>
File: ./../img/four_qp2.png Graphic file (type png)

<use ./../img/four_qp2.png>
LaTeX Font Info:    Font shape `OMS/cmr/bx/n' in size <17.28> not available
(Font)              Font shape `OMS/cmsy/b/n' tried instead on input line 3006.

LaTeX Font Info:    External font `plex10' loaded for size
(Font)              <17.28> on input line 3006.
LaTeX Font Info:    Font shape `OMS/cmr/bx/n' in size <14.4> not available
(Font)              Font shape `OMS/cmsy/b/n' tried instead on input line 3008.

 [63 <C:/doc/MSc/tex/img/four_qp2.png>] [64]
LaTeX Font Info:    Font shape `OMS/cmr/m/it' in size <12> not available
(Font)              Font shape `OMS/cmsy/m/n' tried instead on input line 3112.


<./../img/quadgk_lin.png, id=343, 772.38562pt x 306.39468pt>
File: ./../img/quadgk_lin.png Graphic file (type png)

<use ./../img/quadgk_lin.png>
<./../img/hilb_lin.png, id=344, 776.9025pt x 304.88907pt>
File: ./../img/hilb_lin.png Graphic file (type png)

<use ./../img/hilb_lin.png> [65] [66 <C:/doc/MSc/tex/img/quadgk_lin.png> <C:/do
c/MSc/tex/img/hilb_lin.png>]
<./../img/quadgk_pnp.png, id=353, 771.63281pt x 304.88907pt>
File: ./../img/quadgk_pnp.png Graphic file (type png)

<use ./../img/quadgk_pnp.png>
<./../img/quadgk_fmix.png, id=354, 792.71156pt x 313.9228pt>
File: ./../img/quadgk_fmix.png Graphic file (type png)

<use ./../img/quadgk_fmix.png>
<./../img/hilb_pnp.png, id=355, 797.98125pt x 306.39468pt>
File: ./../img/hilb_pnp.png Graphic file (type png)

<use ./../img/hilb_pnp.png>
<./../img/hilb_fmix.png, id=356, 780.66656pt x 302.63063pt>
File: ./../img/hilb_fmix.png Graphic file (type png)

<use ./../img/hilb_fmix.png>
<./../img/quadgk_qp1.png, id=357, 774.64406pt x 302.63063pt>
File: ./../img/quadgk_qp1.png Graphic file (type png)

<use ./../img/quadgk_qp1.png>
<./../img/hilb_qp1.png, id=358, 794.2172pt x 316.18124pt>
File: ./../img/hilb_qp1.png Graphic file (type png)

<use ./../img/hilb_qp1.png>
<./../img/quadgk_qp2.png, id=359, 759.58781pt x 305.64188pt>
File: ./../img/quadgk_qp2.png Graphic file (type png)

<use ./../img/quadgk_qp2.png>
<./../img/hilb_qp2.png, id=360, 758.835pt x 312.41719pt>
File: ./../img/hilb_qp2.png Graphic file (type png)

<use ./../img/hilb_qp2.png> [67 <C:/doc/MSc/tex/img/quadgk_pnp.png>] [68 <C:/do
c/MSc/tex/img/quadgk_fmix.png> <C:/doc/MSc/tex/img/hilb_pnp.png>] [69 <C:/doc/M
Sc/tex/img/hilb_fmix.png> <C:/doc/MSc/tex/img/quadgk_qp1.png>] [70 <C:/doc/MSc/
tex/img/hilb_qp1.png> <C:/doc/MSc/tex/img/quadgk_qp2.png>] [71 <C:/doc/MSc/tex/
img/hilb_qp2.png>] [72] [73] [74] (C:\doc\MSc\tex\texlipse\Thesis.bbl [75]
[76]
Underfull \hbox (badness 2961) in paragraph at lines 155--161
[][]\OT4/cmr/m/n/12 Mark G. Kuzyk, Ben-jamin R. An-der-son, Nathan J. Daw-son, 
Sheng-Ting
 []


Underfull \hbox (badness 1297) in paragraph at lines 155--161
\OT4/cmr/m/n/12 Hung, Wei Lu, Shiva Ramini, Jen-nifer L. Schei, Shoresh Shafei,
 Ju-lian H.
 []


Underfull \hbox (badness 2418) in paragraph at lines 155--161
\OT4/cmr/m/n/12 Smith, Af-soon Soudi, Szy-mon Steplewski, Xi-an-jun Ye.  Non-li
n-ear op-tics.
 []


Underfull \hbox (badness 10000) in paragraph at lines 175--179
[][]\OT4/cmr/m/n/12 Palffy-Muhoray.  Course ma-te-ri-als for lc op-tics and pho
-ton-ics.
 []

[77] [78])
LaTeX Font Info:    Font shape `OMS/cmr/m/it' in size <6> not available
(Font)              Font shape `OMS/cmsy/m/n' tried instead on input line 3535.

LaTeX Font Info:    Try loading font information for OML+cmr on input line 3546
.
 ("C:\Program Files\MiKTeX 2.9\tex\latex\base\omlcmr.fd"
File: omlcmr.fd 1999/05/25 v2.5h Standard LaTeX font definitions
)
LaTeX Font Info:    Font shape `OML/cmr/m/it' in size <6> not available
(Font)              Font shape `OML/cmm/m/it' tried instead on input line 3546.

LaTeX Font Info:    Font shape `OML/cmr/m/n' in size <6> not available
(Font)              Font shape `OML/cmm/m/it' tried instead on input line 3555.

LaTeX Font Info:    Font shape `OMS/cmr/m/n' in size <6> not available
(Font)              Font shape `OMS/cmsy/m/n' tried instead on input line 3560.

 [79]
[80] [81] [82]
Underfull \vbox (badness 10000) has occurred while \output is active []

 [83]
[84]
Underfull \vbox (badness 10000) has occurred while \output is active []

 [85]
<./../img/zscan_sch.png, id=434, 386.94562pt x 199.49532pt>
File: ./../img/zscan_sch.png Graphic file (type png)

<use ./../img/zscan_sch.png>
<./../img/zscan_diag.png, id=435, 373.395pt x 202.50656pt>
File: ./../img/zscan_diag.png Graphic file (type png)

<use ./../img/zscan_diag.png> [86] [87 <C:/doc/MSc/tex/img/zscan_sch.png> <C:/d
oc/MSc/tex/img/zscan_diag.png>]
<./../img/oa_plot.png, id=444, 315.42844pt x 203.25937pt>
File: ./../img/oa_plot.png Graphic file (type png)

<use ./../img/oa_plot.png>
<./../img/ca_plot.png, id=445, 415.5525pt x 266.49562pt>
File: ./../img/ca_plot.png Graphic file (type png)

<use ./../img/ca_plot.png> [88 <C:/doc/MSc/tex/img/oa_plot.png>]
Underfull \vbox (badness 10000) has occurred while \output is active []

 [89 <C:/doc/MSc/tex/img/ca_plot.png>]
<./../img/zscan_both.png, id=454, 398.23781pt x 257.46187pt>
File: ./../img/zscan_both.png Graphic file (type png)

<use ./../img/zscan_both.png> [90] [91 <C:/doc/MSc/tex/img/zscan_both.png>]
(C:\doc\MSc\tex\texlipse\Thesis.aux) ) 
Here is how much of TeX's memory you used:
 8060 strings out of 494019
 112552 string characters out of 3146485
 269322 words of memory out of 3000000
 11121 multiletter control sequences out of 15000+200000
 35844 words of font info for 104 fonts, out of 3000000 for 9000
 714 hyphenation exceptions out of 8191
 36i,17n,40p,1292b,1840s stack positions out of 5000i,500n,10000p,200000b,50000s
{C:/Program Files/MiKTeX 2.9/fonts/enc/dv
ips/pl/plit.enc}{C:/Program Files/MiKTeX 2.9/fonts/enc/dvips/pl/plrm.enc}{C:/Pr
ogram Files/MiKTeX 2.9/fonts/enc/dvips/pl/plmi.enc} <C:\Users\Krzysztof\AppData
\Local\MiKTeX\2.9\fonts\pk\ljfour\public\mathabx\dpi600\matha10.pk> <C:\Users\K
rzysztof\AppData\Local\MiKTeX\2.9\fonts\pk\ljfour\public\mathabx\dpi600\matha6.
pk> <C:\Users\Krzysztof\AppData\Local\MiKTeX\2.9\fonts\pk\ljfour\public\mathabx
\dpi600\matha8.pk> <C:\Users\Krzysztof\AppData\Local\MiKTeX\2.9\fonts\pk\ljfour
\public\mathabx\dpi720\mathx10.pk> <C:\Users\Krzysztof\AppData\Local\MiKTeX\2.9
\fonts\pk\ljfour\public\mathabx\dpi720\mathb12.pk>{C:/Program Files/MiKTeX 2.9/
fonts/enc/dvips/pl/plms.enc} <C:\Users\Krzysztof\AppData\Local\MiKTeX\2.9\fonts
\pk\ljfour\public\mathabx\dpi600\matha12.pk>{C:/Program Files/MiKTeX 2.9/fonts/
enc/dvips/pl/pltt.enc}<C:/Program Files/MiKTeX 2.9/fonts/type1/public/amsfonts/
cm/cmbsy10.pfb><C:/Program Files/MiKTeX 2.9/fonts/type1/public/amsfonts/cm/cmmi
5.pfb><C:/Program Files/MiKTeX 2.9/fonts/type1/public/amsfonts/cm/cmmi6.pfb><C:
/Program Files/MiKTeX 2.9/fonts/type1/public/amsfonts/cm/cmsy10.pfb><C:/Program
 Files/MiKTeX 2.9/fonts/type1/public/amsfonts/cm/cmsy6.pfb><C:/Program Files/Mi
KTeX 2.9/fonts/type1/public/amsfonts/cm/cmsy8.pfb><C:/Program Files/MiKTeX 2.9/
fonts/type1/public/amsfonts/symbols/msbm10.pfb><C:/Program Files/MiKTeX 2.9/fon
ts/type1/public/pl/plbx10.pfb><C:/Program Files/MiKTeX 2.9/fonts/type1/public/p
l/plbx12.pfb><C:/Program Files/MiKTeX 2.9/fonts/type1/public/pl/plbx6.pfb><C:/P
rogram Files/MiKTeX 2.9/fonts/type1/public/pl/plbx8.pfb><C:/Program Files/MiKTe
X 2.9/fonts/type1/public/pl/plmi10.pfb><C:/Program Files/MiKTeX 2.9/fonts/type1
/public/pl/plmi12.pfb><C:/Program Files/MiKTeX 2.9/fonts/type1/public/pl/plmi6.
pfb><C:/Program Files/MiKTeX 2.9/fonts/type1/public/pl/plmi7.pfb><C:/Program Fi
les/MiKTeX 2.9/fonts/type1/public/pl/plmi8.pfb><C:/Program Files/MiKTeX 2.9/fon
ts/type1/public/pl/plr10.pfb><C:/Program Files/MiKTeX 2.9/fonts/type1/public/pl
/plr12.pfb><C:/Program Files/MiKTeX 2.9/fonts/type1/public/pl/plr17.pfb><C:/Pro
gram Files/MiKTeX 2.9/fonts/type1/public/pl/plr6.pfb><C:/Program Files/MiKTeX 2
.9/fonts/type1/public/pl/plr7.pfb><C:/Program Files/MiKTeX 2.9/fonts/type1/publ
ic/pl/plr8.pfb><C:/Program Files/MiKTeX 2.9/fonts/type1/public/pl/plsy10.pfb><C
:/Program Files/MiKTeX 2.9/fonts/type1/public/pl/plsy8.pfb><C:/Program Files/Mi
KTeX 2.9/fonts/type1/public/pl/plti10.pfb><C:/Program Files/MiKTeX 2.9/fonts/ty
pe1/public/pl/plti12.pfb><C:/Program Files/MiKTeX 2.9/fonts/type1/public/pl/plt
i7.pfb><C:/Program Files/MiKTeX 2.9/fonts/type1/public/pl/pltt12.pfb>
Output written on Thesis.pdf (91 pages, 6377828 bytes).
PDF statistics:
 656 PDF objects out of 1000 (max. 8388607)
 0 named destinations out of 1000 (max. 500000)
 346 words of extra memory for PDF output out of 10000 (max. 10000000)

