#
# An unexpected error has been detected by Java Runtime Environment:
#
#  EXCEPTION_ACCESS_VIOLATION (0xc0000005) at pc=0x000000000310f220, pid=3424, tid=4016
#
# Java VM: Java HotSpot(TM) 64-Bit Server VM (10.0-b19 mixed mode windows-amd64)
# Problematic frame:
# C  [hg.dll+0x11f220]
#
# If you would like to submit a bug report, please visit:
#   http://java.sun.com/webapps/bugreport/crash.jsp
# The crash happened outside the Java Virtual Machine in native code.
# See problematic frame for where to report the bug.
#

---------------  T H R E A D  ---------------

Current thread (0x00000000042bf400):  JavaThread "main" [_thread_in_native, id=4016, stack(0x0000000000030000,0x0000000001030000)]

siginfo: ExceptionCode=0xc0000005, reading address 0x0000000000000168

Registers:
EAX=0x0000000000000010, EBX=0x0000000000000000, ECX=0x0000000000000000, EDX=0x0000000035300d00
ESP=0x0000000001025768, EBP=0x0000000000000000, ESI=0x0000000003175f74, EDI=0x0000000003175f74
EIP=0x000000000310f220, EFLAGS=0x0000000000010202

Top of Stack: (sp=0x0000000001025768)
0x0000000001025768:   00000000031256d6 0000000000000000
0x0000000001025778:   0000000000000000 0000000003175f74
0x0000000001025788:   0000000000000001 0000000015531008
0x0000000001025798:   0000000000000000 00000000000004b0
0x00000000010257a8:   00000000030b5bad 0000000037824420
0x00000000010257b8:   0000000000000000 00000000010258e0
0x00000000010257c8:   0000000015531008 00000000046b74f0
0x00000000010257d8:   0000000002efd4ed 00000000046817a0
0x00000000010257e8:   0000000001469389 0000000000000000
0x00000000010257f8:   00000000046f5e60 fffffffffffffffe
0x0000000001025808:   0000000001025900 00000000122a303a
0x0000000001025818:   0000000003e78e3a 0000000000000000
0x0000000001025828:   0000000000000000 0000000001025958
0x0000000001025838:   00000000042bd310 0000000015530068
0x0000000001025848:   000000000340217f 0000000001025898
0x0000000001025858:   0000000015532cc8 0000000000000000 

Instructions: (pc=0x000000000310f220)
0x000000000310f210:   48 8b 81 f0 01 00 00 c3 cc cc cc cc cc cc cc cc
0x000000000310f220:   48 8b 81 68 01 00 00 c3 cc cc cc cc cc cc cc cc 


Stack: [0x0000000000030000,0x0000000001030000],  sp=0x0000000001025768,  free space=16341k
Native frames: (J=compiled Java code, j=interpreted, Vv=VM code, C=native code)
C  [hg.dll+0x11f220]

[error occurred during error reporting (printing native stack), id 0xc0000005]

Java frames: (J=compiled Java code, j=interpreted, Vv=VM code)
v  ~BufferBlob::Interpreter
v  ~BufferBlob::Interpreter
v  ~BufferBlob::Interpreter
v  ~BufferBlob::Interpreter
v  ~BufferBlob::Interpreter
v  ~BufferBlob::StubRoutines (1)
v  ~BufferBlob::Interpreter
v  ~BufferBlob::Interpreter
J  sun.reflect.DelegatingMethodAccessorImpl.invoke(Ljava/lang/Object;[Ljava/lang/Object;)Ljava/lang/Object;
v  ~BufferBlob::Interpreter
v  ~BufferBlob::Interpreter
v  ~BufferBlob::StubRoutines (1)
v  ~BufferBlob::Interpreter
v  ~BufferBlob::Interpreter
v  ~BufferBlob::Interpreter
v  ~BufferBlob::Interpreter
v  ~BufferBlob::Interpreter
v  ~BufferBlob::Interpreter
v  ~BufferBlob::StubRoutines (1)

---------------  P R O C E S S  ---------------

Java Threads: ( => current thread )
  0x00000000118bd400 JavaThread "Prefs Updater" [_thread_blocked, id=592, stack(0x000000000d510000,0x000000000d590000)]
  0x00000000118bf400 JavaThread "Timer queue for AWT thread" daemon [_thread_blocked, id=4244, stack(0x000000000d390000,0x000000000d410000)]
  0x00000000118be800 JavaThread "Timer queue for AWT thread" daemon [_thread_blocked, id=2976, stack(0x000000000d310000,0x000000000d390000)]
  0x00000000118b9400 JavaThread "Active Reference Queue Daemon" daemon [_thread_blocked, id=4704, stack(0x000000002d980000,0x000000002da00000)]
  0x00000000118b9000 JavaThread "Timer-2" daemon [_thread_blocked, id=180, stack(0x000000002d900000,0x000000002d980000)]
  0x00000000118b8800 JavaThread "Timer-1" daemon [_thread_blocked, id=4192, stack(0x000000002c810000,0x000000002c890000)]
  0x0000000011744c00 JavaThread "TimerQueue" daemon [_thread_blocked, id=2984, stack(0x0000000011b00000,0x0000000011b80000)]
  0x0000000011605c00 JavaThread "AWT-EventQueue-0" [_thread_blocked, id=3876, stack(0x0000000011a60000,0x0000000011ae0000)]
  0x000000001126e000 JavaThread "AWT-Shutdown" [_thread_blocked, id=3164, stack(0x00000000119e0000,0x0000000011a60000)]
  0x00000000116cb400 JavaThread "AWT-Windows" daemon [_thread_in_native, id=4152, stack(0x000000000fe70000,0x000000000fef0000)]
  0x0000000011577c00 JavaThread "Java2D Disposer" daemon [_thread_blocked, id=3932, stack(0x000000000fd70000,0x000000000fdf0000)]
  0x000000000f6b5000 JavaThread "Timer-0" [_thread_blocked, id=3264, stack(0x000000000fa90000,0x000000000fb10000)]
  0x000000000f585c00 JavaThread "JMI Unnamed Thread" [_thread_in_native, id=2772, stack(0x0000000007c60000,0x0000000008c60000)]
  0x000000000f498800 JavaThread "Low Memory Detector" daemon [_thread_blocked, id=3204, stack(0x000000000f610000,0x000000000f690000)]
  0x000000000f493400 JavaThread "CompilerThread1" daemon [_thread_blocked, id=756, stack(0x000000002a6a0000,0x000000002b6a0000)]
  0x000000000f47d800 JavaThread "CompilerThread0" daemon [_thread_blocked, id=4816, stack(0x00000000296a0000,0x000000002a6a0000)]
  0x000000000f47c800 JavaThread "Attach Listener" daemon [_thread_blocked, id=4180, stack(0x0000000007a50000,0x0000000007ad0000)]
  0x000000000f45c000 JavaThread "Finalizer" daemon [_thread_blocked, id=3024, stack(0x0000000007950000,0x00000000079d0000)]
  0x000000000f456000 JavaThread "Reference Handler" daemon [_thread_blocked, id=3260, stack(0x0000000007390000,0x0000000007410000)]
=>0x00000000042bf400 JavaThread "main" [_thread_in_native, id=4016, stack(0x0000000000030000,0x0000000001030000)]

Other Threads:
  0x00000000043bec00 VMThread [stack: 0x00000000100e0000,0x00000000110e0000] [id=4520]
  0x000000000f4c9000 WatcherThread [stack: 0x000000002b6a0000,0x000000002c6a0000] [id=3700]

VM state:not at safepoint (normal execution)

VM Mutex/Monitor currently owned by a thread: None

Heap
 PSYoungGen      total 14080K, used 2398K [0x00000000265a0000, 0x00000000275a0000, 0x00000000296a0000)
  eden space 11776K, 10% used [0x00000000265a0000,0x00000000266c7f28,0x0000000027120000)
  from space 2304K, 52% used [0x0000000027120000,0x000000002724fbd8,0x0000000027360000)
  to   space 2240K, 0% used [0x0000000027370000,0x0000000027370000,0x00000000275a0000)
 PSOldGen        total 77120K, used 72648K [0x000000001d2a0000, 0x0000000021df0000, 0x00000000265a0000)
  object space 77120K, 94% used [0x000000001d2a0000,0x0000000021992108,0x0000000021df0000)
 PSPermGen       total 78912K, used 51337K [0x00000000152a0000, 0x0000000019fb0000, 0x000000001d2a0000)
  object space 78912K, 65% used [0x00000000152a0000,0x00000000184c26f0,0x0000000019fb0000)

Dynamic libraries:
0x0000000140000000 - 0x000000014002e000 	C:\Program Files\MATLAB\R2008b\bin\win64\MATLAB.exe
0x0000000077800000 - 0x00000000779ab000 	C:\Windows\SYSTEM32\ntdll.dll
0x00000000775e0000 - 0x00000000776ff000 	C:\Windows\system32\kernel32.dll
0x000007fefda80000 - 0x000007fefdaeb000 	C:\Windows\system32\KERNELBASE.dll
0x0000000180000000 - 0x0000000180401000 	C:\Program Files\MATLAB\R2008b\bin\win64\libut.dll
0x000007fefdcf0000 - 0x000007fefdd07000 	C:\Windows\system32\imagehlp.dll
0x000007fefdff0000 - 0x000007fefe08f000 	C:\Windows\system32\msvcrt.dll
0x00000000779d0000 - 0x00000000779d7000 	C:\Windows\system32\PSAPI.DLL
0x00000000011d0000 - 0x00000000011f8000 	C:\Program Files\MATLAB\R2008b\bin\win64\LIBEXPAT.dll
0x000000006e3f0000 - 0x000000006e4b9000 	C:\Windows\WinSxS\amd64_microsoft.vc80.crt_1fc8b3b9a1e18e3b_8.0.50727.4927_none_88dce9872fb18caf\MSVCR80.dll
0x000000004a800000 - 0x000000004a917000 	C:\Program Files\MATLAB\R2008b\bin\win64\icuuc36.dll
0x000007feff430000 - 0x000007feff50b000 	C:\Windows\system32\ADVAPI32.dll
0x000007feff410000 - 0x000007feff42f000 	C:\Windows\SYSTEM32\sechost.dll
0x000007feff6f0000 - 0x000007feff81e000 	C:\Windows\system32\RPCRT4.dll
0x0000000001220000 - 0x0000000001223000 	C:\Program Files\MATLAB\R2008b\bin\win64\icudt36.dll
0x000000004ab00000 - 0x000000004ab0f000 	C:\Program Files\MATLAB\R2008b\bin\win64\icuio36.dll
0x0000000001250000 - 0x0000000001356000 	C:\Program Files\MATLAB\R2008b\bin\win64\icuin36.dll
0x000000006e2e0000 - 0x000000006e3e9000 	C:\Windows\WinSxS\amd64_microsoft.vc80.crt_1fc8b3b9a1e18e3b_8.0.50727.4927_none_88dce9872fb18caf\MSVCP80.dll
0x0000000077700000 - 0x00000000777fa000 	C:\Windows\system32\USER32.dll
0x000007fefe090000 - 0x000007fefe0f7000 	C:\Windows\system32\GDI32.dll
0x000007fefe540000 - 0x000007fefe54e000 	C:\Windows\system32\LPK.dll
0x000007fefdb30000 - 0x000007fefdbfa000 	C:\Windows\system32\USP10.dll
0x0000000001370000 - 0x00000000013b5000 	C:\Program Files\MATLAB\R2008b\bin\win64\libmwfl.dll
0x00000000013d0000 - 0x00000000013e3000 	C:\Program Files\MATLAB\R2008b\bin\win64\boost_signals-vc80-mt-1_34_1.dll
0x0000000001400000 - 0x0000000001410000 	C:\Program Files\MATLAB\R2008b\bin\win64\boost_thread-vc80-mt-1_34_1.dll
0x0000000001420000 - 0x000000000159e000 	C:\Program Files\MATLAB\R2008b\bin\win64\libmwservices.dll
0x00000000015b0000 - 0x0000000001624000 	C:\Program Files\MATLAB\R2008b\bin\win64\libmx.dll
0x0000000001640000 - 0x0000000001657000 	C:\Program Files\MATLAB\R2008b\bin\win64\zlib1.dll
0x0000000001660000 - 0x0000000001779000 	C:\Program Files\MATLAB\R2008b\bin\win64\libmwmathutil.dll
0x0000000001790000 - 0x00000000017e5000 	C:\Program Files\MATLAB\R2008b\bin\win64\mpath.dll
0x0000000001800000 - 0x0000000001841000 	C:\Program Files\MATLAB\R2008b\bin\win64\mlutil.dll
0x000007fefd870000 - 0x000007fefd910000 	C:\Windows\WinSxS\amd64_microsoft.windows.common-controls_6595b64144ccf1df_5.82.7600.16385_none_a44af8ec57f961cf\COMCTL32.dll
0x000007fefdc00000 - 0x000007fefdc98000 	C:\Windows\system32\comdlg32.dll
0x000007feff310000 - 0x000007feff381000 	C:\Windows\system32\SHLWAPI.dll
0x000007fefe550000 - 0x000007feff2d6000 	C:\Windows\system32\SHELL32.dll
0x000007fefab60000 - 0x000007fefab76000 	C:\Windows\system32\NETAPI32.dll
0x000007fefab50000 - 0x000007fefab5c000 	C:\Windows\system32\netutils.dll
0x000007fefd220000 - 0x000007fefd243000 	C:\Windows\system32\srvcli.dll
0x000007fefab30000 - 0x000007fefab45000 	C:\Windows\system32\wkscli.dll
0x000007feff6a0000 - 0x000007feff6ed000 	C:\Windows\system32\WS2_32.dll
0x000007feff510000 - 0x000007feff518000 	C:\Windows\system32\NSI.dll
0x0000000001860000 - 0x00000000018b5000 	C:\Program Files\MATLAB\R2008b\bin\win64\mcr.dll
0x00000000018d0000 - 0x0000000001908000 	C:\Program Files\MATLAB\R2008b\bin\win64\iqm.dll
0x0000000001920000 - 0x00000000021e9000 	C:\Program Files\MATLAB\R2008b\bin\win64\m_interpreter.dll
0x0000000002200000 - 0x0000000002210000 	C:\Program Files\MATLAB\R2008b\bin\win64\libmex.dll
0x0000000002220000 - 0x00000000022ad000 	C:\Program Files\MATLAB\R2008b\bin\win64\m_dispatcher.dll
0x00000000022c0000 - 0x00000000022e5000 	C:\Program Files\MATLAB\R2008b\bin\win64\datasvcs.dll
0x0000000012000000 - 0x0000000012295000 	C:\Program Files\MATLAB\R2008b\bin\win64\xerces-c_2_7.dll
0x0000000002310000 - 0x00000000023a1000 	C:\Program Files\MATLAB\R2008b\bin\win64\profiler.dll
0x00000000023c0000 - 0x00000000023e5000 	C:\Program Files\MATLAB\R2008b\bin\win64\libmwmathrng.dll
0x0000000002400000 - 0x000000000241a000 	C:\Program Files\MATLAB\R2008b\bin\win64\m_pcodeio.dll
0x0000000002430000 - 0x0000000002479000 	C:\Program Files\MATLAB\R2008b\bin\win64\m_ir.dll
0x0000000002490000 - 0x0000000002a68000 	C:\Program Files\MATLAB\R2008b\bin\win64\m_parser.dll
0x0000000002a80000 - 0x0000000002a92000 	C:\Program Files\MATLAB\R2008b\bin\win64\ir_xfmr.dll
0x0000000002ab0000 - 0x0000000002d0c000 	C:\Program Files\MATLAB\R2008b\bin\win64\mcos.dll
0x0000000002d20000 - 0x0000000002d2c000 	C:\Program Files\MATLAB\R2008b\bin\win64\mtok.dll
0x0000000002d40000 - 0x0000000002d60000 	C:\Program Files\MATLAB\R2008b\bin\win64\m_pcodegen.dll
0x000007fef7ec0000 - 0x000007fef7fe5000 	C:\Windows\system32\dbghelp.dll
0x0000000002d70000 - 0x0000000002d92000 	C:\Program Files\MATLAB\R2008b\bin\win64\bridge.dll
0x0000000002db0000 - 0x0000000002e70000 	C:\Program Files\MATLAB\R2008b\bin\win64\udd.dll
0x0000000002e80000 - 0x0000000002fd4000 	C:\Program Files\MATLAB\R2008b\bin\win64\libmwgui.dll
0x0000000002ff0000 - 0x000000000325f000 	C:\Program Files\MATLAB\R2008b\bin\win64\hg.dll
0x0000000003270000 - 0x00000000032a1000 	C:\Program Files\MATLAB\R2008b\bin\win64\libmat.dll
0x00000000032c0000 - 0x00000000033c7000 	C:\Program Files\MATLAB\R2008b\bin\win64\libhdf5.dll
0x00000000033d0000 - 0x000000000342d000 	C:\Program Files\MATLAB\R2008b\bin\win64\jmi.dll
0x0000000003440000 - 0x000000000347f000 	C:\Program Files\MATLAB\R2008b\bin\win64\libmwhardcopy.dll
0x0000000003490000 - 0x00000000034e7000 	C:\Program Files\MATLAB\R2008b\bin\win64\libuij.dll
0x0000000003500000 - 0x00000000035ee000 	C:\Program Files\MATLAB\R2008b\bin\win64\libmwmathlinalg.dll
0x0000000003600000 - 0x00000000037e8000 	C:\Program Files\MATLAB\R2008b\bin\win64\libmwmathelem.dll
0x0000000003800000 - 0x0000000003856000 	C:\Program Files\MATLAB\R2008b\bin\win64\libmwmathcore.dll
0x0000000003870000 - 0x0000000003921000 	C:\Program Files\MATLAB\R2008b\bin\win64\libmwcholmod.dll
0x0000000003940000 - 0x000000000394d000 	C:\Program Files\MATLAB\R2008b\bin\win64\libmwamd.dll
0x0000000003960000 - 0x000000000396c000 	C:\Program Files\MATLAB\R2008b\bin\win64\libmwcolamd.dll
0x0000000003980000 - 0x0000000003994000 	C:\Program Files\MATLAB\R2008b\bin\win64\libmwblas.dll
0x00000000039b0000 - 0x00000000039c1000 	C:\Program Files\MATLAB\R2008b\bin\win64\libmwbinder.dll
0x00000000039e0000 - 0x0000000003a5d000 	C:\Program Files\MATLAB\R2008b\bin\win64\libmwlapack.dll
0x0000000003a70000 - 0x0000000003aa4000 	C:\Program Files\MATLAB\R2008b\bin\win64\libmwrookfastbp.dll
0x0000000003ac0000 - 0x0000000003aed000 	C:\Program Files\MATLAB\R2008b\bin\win64\libmwma57.dll
0x0000000010000000 - 0x00000000100d3000 	C:\Program Files\MATLAB\R2008b\bin\win64\libifcoremd.dll
0x0000000003b00000 - 0x0000000003d1d000 	C:\Program Files\MATLAB\R2008b\bin\win64\libmmd.dll
0x0000000003d20000 - 0x0000000003d30000 	C:\Program Files\MATLAB\R2008b\bin\win64\libmwcsparse.dll
0x0000000003d40000 - 0x0000000003e13000 	C:\Program Files\MATLAB\R2008b\bin\win64\libmwumfpack.dll
0x0000000003e30000 - 0x000000000406b000 	C:\Program Files\MATLAB\R2008b\bin\win64\uiw.dll
0x0000000004080000 - 0x000000000408a000 	C:\Program Files\MATLAB\R2008b\bin\win64\uinone.dll
0x000000006e140000 - 0x000000006e2dc000 	C:\Windows\WinSxS\amd64_microsoft.vc80.mfc_1fc8b3b9a1e18e3b_8.0.50727.1833_none_8442d417329336b1\MFC80.DLL
0x000007fef8a00000 - 0x000007fef8a70000 	C:\Windows\system32\WINSPOOL.DRV
0x000007feff820000 - 0x000007feffa21000 	C:\Windows\system32\ole32.dll
0x000007feffa30000 - 0x000007feffb07000 	C:\Windows\system32\OLEAUT32.dll
0x00000000040a0000 - 0x0000000004135000 	C:\Program Files\MATLAB\R2008b\bin\win64\udd_mi.dll
0x0000000004150000 - 0x0000000004168000 	C:\Program Files\MATLAB\R2008b\bin\win64\mwoles05.DLL
0x0000000004180000 - 0x00000000041ea000 	C:\Program Files\MATLAB\R2008b\bin\win64\comcli.dll
0x00000000734d0000 - 0x00000000734ef000 	C:\Windows\WinSxS\amd64_microsoft.vc80.atl_1fc8b3b9a1e18e3b_8.0.50727.1833_none_8a17faaf2edd3e00\ATL80.DLL
0x0000000004200000 - 0x000000000420e000 	C:\Program Files\MATLAB\R2008b\bin\win64\mlautoregister.dll
0x000007feff2e0000 - 0x000007feff30e000 	C:\Windows\system32\IMM32.DLL
0x000007fefde40000 - 0x000007fefdf49000 	C:\Windows\system32\MSCTF.dll
0x0000000073500000 - 0x000000007350d000 	C:\Windows\WinSxS\amd64_microsoft.vc80.mfcloc_1fc8b3b9a1e18e3b_8.0.50727.1833_none_bc1b16f50be25ff5\MFC80ENU.DLL
0x000007fefc030000 - 0x000007fefc086000 	C:\Windows\system32\uxtheme.dll
0x000007fefd760000 - 0x000007fefd76f000 	C:\Windows\system32\profapi.dll
0x000007fefb510000 - 0x000007fefb537000 	C:\Windows\system32\iphlpapi.dll
0x000007fefb4c0000 - 0x000007fefb4cb000 	C:\Windows\system32\WINNSI.DLL
0x000007fefce10000 - 0x000007fefce6b000 	C:\Windows\system32\DNSAPI.dll
0x000007fefaf60000 - 0x000007fefaf71000 	C:\Windows\system32\dhcpcsvc6.DLL
0x000007fefaf80000 - 0x000007fefaf98000 	C:\Windows\system32\dhcpcsvc.DLL
0x00000000734f0000 - 0x00000000734f3000 	C:\Windows\system32\icmp.Dll
0x000007fefd690000 - 0x000007fefd69f000 	C:\Windows\system32\CRYPTBASE.dll
0x000000000de60000 - 0x000000000e40a000 	C:\Program Files\MATLAB\R2008b\sys\java\jre\win64\jre\bin\server\jvm.dll
0x000007fefba70000 - 0x000007fefbaab000 	C:\Windows\system32\WINMM.dll
0x0000000006ce0000 - 0x0000000006cea000 	C:\Program Files\MATLAB\R2008b\sys\java\jre\win64\jre\bin\hpi.dll
0x0000000006d00000 - 0x0000000006d0e000 	C:\Program Files\MATLAB\R2008b\sys\java\jre\win64\jre\bin\verify.dll
0x0000000006d10000 - 0x0000000006d37000 	C:\Program Files\MATLAB\R2008b\sys\java\jre\win64\jre\bin\java.dll
0x0000000006d40000 - 0x0000000006d52000 	C:\Program Files\MATLAB\R2008b\sys\java\jre\win64\jre\bin\zip.dll
0x00000000079d0000 - 0x00000000079f1000 	C:\Program Files\MATLAB\R2008b\bin\win64\nativejava.dll
0x0000000007a00000 - 0x0000000007a21000 	C:\Program Files\MATLAB\R2008b\bin\win64\nativejmi.dll
0x0000000006f30000 - 0x0000000006f37000 	C:\Program Files\MATLAB\R2008b\bin\win64\nativeservices.dll
0x000000000fbd0000 - 0x000000000fd6f000 	C:\Program Files\MATLAB\R2008b\sys\java\jre\win64\jre\bin\awt.dll
0x000007fefc700000 - 0x000007fefc718000 	C:\Windows\system32\dwmapi.dll
0x0000000007b70000 - 0x0000000007bda000 	C:\Program Files\MATLAB\R2008b\sys\java\jre\win64\jre\bin\fontmanager.dll
0x000000002c750000 - 0x000000002c767000 	C:\Program Files\MATLAB\R2008b\sys\java\jre\win64\jre\bin\net.dll
0x000007fefcf90000 - 0x000007fefcfe4000 	C:\Windows\system32\mswsock.dll
0x000007fefcf80000 - 0x000007fefcf87000 	C:\Windows\System32\wship6.dll
0x000000002c790000 - 0x000000002c79b000 	C:\Program Files\MATLAB\R2008b\sys\java\jre\win64\jre\bin\nio.dll
0x0000000011ae0000 - 0x0000000011ae7000 	C:\Program Files\MATLAB\R2008b\bin\win64\nativelmgr.dll
0x0000000011b80000 - 0x0000000011bb5000 	C:\Program Files\MATLAB\R2008b\sys\java\jre\win64\jre\bin\jpeg.dll
0x0000000011bd0000 - 0x0000000011ccf000 	C:\Program Files\MATLAB\R2008b\bin\win64\instutil.dll
0x000007fefb860000 - 0x000007fefb875000 	C:\Windows\system32\NLAapi.dll
0x000007fefab80000 - 0x000007fefab8b000 	C:\Windows\System32\winrnr.dll
0x000007fefaa80000 - 0x000007fefaa95000 	C:\Windows\system32\napinsp.dll
0x000007fefa800000 - 0x000007fefa819000 	C:\Windows\system32\pnrpnsp.dll

VM Arguments:
jvm_args: -Xss512k -XX:PermSize=32M -Xms64m -XX:NewRatio=3 -XX:MaxPermSize=128M -Xmx196m -XX:MaxDirectMemorySize=2147400000 -Dsun.java2d.noddraw=true -Dsun.awt.nopixfmt=true -Xshare:off -Xrs -Djava.library.path=C:\Program Files\MATLAB\R2008b\bin\win64 vfprintf abort 
java_command: <unknown>
Launcher Type: generic

Environment Variables:
PATH=C:\Windows\system32;C:\Windows;C:\Windows\System32\Wbem;C:\Windows\System32\WindowsPowerShell\v1.0\;C:\Program Files (x86)\TC UP\PLUGINS\Library;C:\Program Files (x86)\Microsoft SQL Server\100\Tools\Binn\;C:\Program Files (x86)\Microsoft SQL Server\100\DTS\Binn\;C:\Program Files\MATLAB\R2008b\bin;C:\Program Files\MATLAB\R2008b\bin\win64;C:\Program Files (x86)\Git\cmd
USERNAME=Krzysiek
OS=Windows_NT
PROCESSOR_IDENTIFIER=Intel64 Family 6 Model 15 Stepping 13, GenuineIntel



---------------  S Y S T E M  ---------------

OS: Windows NT 6.1 Build 7600 

CPU:total 2 (2 cores per cpu, 1 threads per core) family 6 model 15 stepping 13, cmov, cx8, fxsr, mmx, sse, sse2, sse3, ssse3

Memory: 4k page, physical 4059136k(2394420k free), swap 8116376k(6212636k free)

vm_info: Java HotSpot(TM) 64-Bit Server VM (10.0-b19) for windows-amd64 JRE (1.6.0_04-b12), built on Dec 14 2007 00:44:23 by "java_re" with MS VC++ 8.0

time: Thu Apr 08 20:14:29 2010
elapsed time: 7658 seconds

