#
# An unexpected error has been detected by Java Runtime Environment:
#
#  EXCEPTION_ACCESS_VIOLATION (0xc0000005) at pc=0x000000000310f220, pid=4464, tid=744
#
# Java VM: Java HotSpot(TM) 64-Bit Server VM (10.0-b19 mixed mode windows-amd64)
# Problematic frame:
# C  [hg.dll+0x11f220]
#
# If you would like to submit a bug report, please visit:
#   http://java.sun.com/webapps/bugreport/crash.jsp
# The crash happened outside the Java Virtual Machine in native code.
# See problematic frame for where to report the bug.
#

---------------  T H R E A D  ---------------

Current thread (0x000000000434f800):  JavaThread "main" [_thread_in_native, id=744, stack(0x0000000000030000,0x0000000001030000)]

siginfo: ExceptionCode=0xc0000005, reading address 0x0000000000000168

Registers:
EAX=0x0000000000000010, EBX=0x0000000000000000, ECX=0x0000000000000000, EDX=0x0000000034a65970
ESP=0x00000000010257c8, EBP=0x0000000000000000, ESI=0x0000000003175f74, EDI=0x0000000003175f74
EIP=0x000000000310f220, EFLAGS=0x0000000000010202

Top of Stack: (sp=0x00000000010257c8)
0x00000000010257c8:   00000000031256d6 0000000000000000
0x00000000010257d8:   0000000000000000 0000000003175f74
0x00000000010257e8:   0000000000000001 0000000015530380
0x00000000010257f8:   0000000000000000 000000001dfd3288
0x0000000001025808:   00000000030b5bad 00000000350140c0
0x0000000001025818:   0000000000000000 0000000001025940
0x0000000001025828:   0000000015530380 0000000004429050
0x0000000001025838:   0000000002efd4ed 00000000043f3130
0x0000000001025848:   0000000001469389 0000000000000000
0x0000000001025858:   0000000004466d80 fffffffffffffffe
0x0000000001025868:   0000000001025900 00000000122a303a
0x0000000001025878:   0000000003e78e3a 0000000000000000
0x0000000001025888:   0000000000000000 00000000010259b8
0x0000000001025898:   00000000122a2790 000000001552f3e0
0x00000000010258a8:   000000000340217f 00000000010258f8
0x00000000010258b8:   0000000015532040 0000000000000000 

Instructions: (pc=0x000000000310f220)
0x000000000310f210:   48 8b 81 f0 01 00 00 c3 cc cc cc cc cc cc cc cc
0x000000000310f220:   48 8b 81 68 01 00 00 c3 cc cc cc cc cc cc cc cc 


Stack: [0x0000000000030000,0x0000000001030000],  sp=0x00000000010257c8,  free space=16341k
Native frames: (J=compiled Java code, j=interpreted, Vv=VM code, C=native code)
C  [hg.dll+0x11f220]

[error occurred during error reporting (printing native stack), id 0xc0000005]

Java frames: (J=compiled Java code, j=interpreted, Vv=VM code)
v  ~BufferBlob::Interpreter
v  ~BufferBlob::Interpreter
v  ~BufferBlob::Interpreter
v  ~BufferBlob::Interpreter
v  ~BufferBlob::Interpreter
v  ~BufferBlob::StubRoutines (1)
v  ~BufferBlob::Interpreter
v  ~BufferBlob::Interpreter
J  java.lang.reflect.Method.invoke(Ljava/lang/Object;[Ljava/lang/Object;)Ljava/lang/Object;
v  ~BufferBlob::Interpreter
v  ~BufferBlob::StubRoutines (1)
v  ~BufferBlob::Interpreter
v  ~BufferBlob::Interpreter
v  ~BufferBlob::Interpreter
v  ~BufferBlob::Interpreter
v  ~BufferBlob::Interpreter
v  ~BufferBlob::Interpreter
v  ~BufferBlob::StubRoutines (1)

---------------  P R O C E S S  ---------------

Java Threads: ( => current thread )
  0x000000001181e000 JavaThread "Active Reference Queue Daemon" daemon [_thread_blocked, id=4796, stack(0x000000002fb50000,0x000000002fbd0000)]
  0x000000001181dc00 JavaThread "Timer-3" daemon [_thread_blocked, id=4072, stack(0x000000002fad0000,0x000000002fb50000)]
  0x000000001181f000 JavaThread "Prefs Updater" [_thread_blocked, id=2208, stack(0x000000002fa50000,0x000000002fad0000)]
  0x000000002cd31c00 JavaThread "Timer-1" daemon [_thread_blocked, id=4364, stack(0x000000002da80000,0x000000002db00000)]
  0x000000000f5d7800 JavaThread "TimerQueue" daemon [_thread_blocked, id=4332, stack(0x0000000011f50000,0x0000000011fd0000)]
  0x0000000011304c00 JavaThread "AWT-EventQueue-0" [_thread_blocked, id=5028, stack(0x0000000011eb0000,0x0000000011f30000)]
  0x0000000011565c00 JavaThread "AWT-Shutdown" [_thread_blocked, id=972, stack(0x0000000011db0000,0x0000000011e30000)]
  0x00000000113d4000 JavaThread "AWT-Windows" daemon [_thread_in_native, id=4724, stack(0x000000000fdc0000,0x000000000fe40000)]
  0x00000000113d3400 JavaThread "Java2D Disposer" daemon [_thread_blocked, id=4060, stack(0x000000000fcc0000,0x000000000fd40000)]
  0x000000000f5ee400 JavaThread "Timer-0" [_thread_blocked, id=5168, stack(0x000000000f9e0000,0x000000000fa60000)]
  0x000000000f3a9c00 JavaThread "JMI Unnamed Thread" [_thread_in_native, id=4904, stack(0x0000000007880000,0x0000000008880000)]
  0x000000000f226000 JavaThread "Low Memory Detector" daemon [_thread_blocked, id=3888, stack(0x000000000f530000,0x000000000f5b0000)]
  0x000000000f224800 JavaThread "CompilerThread1" daemon [_thread_blocked, id=5820, stack(0x000000002a6a0000,0x000000002b6a0000)]
  0x000000000f21dc00 JavaThread "CompilerThread0" daemon [_thread_blocked, id=1052, stack(0x00000000296a0000,0x000000002a6a0000)]
  0x000000000f21cc00 JavaThread "Attach Listener" daemon [_thread_blocked, id=3668, stack(0x000000000f4b0000,0x000000000f530000)]
  0x000000000f1fc400 JavaThread "Finalizer" daemon [_thread_blocked, id=6000, stack(0x000000000f430000,0x000000000f4b0000)]
  0x000000000f1f6000 JavaThread "Reference Handler" daemon [_thread_blocked, id=4884, stack(0x000000000f3b0000,0x000000000f430000)]
=>0x000000000434f800 JavaThread "main" [_thread_in_native, id=744, stack(0x0000000000030000,0x0000000001030000)]

Other Threads:
  0x000000000431f000 VMThread [stack: 0x00000000100e0000,0x00000000110e0000] [id=5836]
  0x000000000f24e800 WatcherThread [stack: 0x000000002b6a0000,0x000000002c6a0000] [id=2112]

VM state:not at safepoint (normal execution)

VM Mutex/Monitor currently owned by a thread: None

Heap
 PSYoungGen      total 16256K, used 6092K [0x00000000265a0000, 0x00000000275a0000, 0x00000000296a0000)
  eden space 16128K, 37% used [0x00000000265a0000,0x0000000026b8b3c8,0x0000000027560000)
  from space 128K, 25% used [0x0000000027580000,0x0000000027588000,0x00000000275a0000)
  to   space 128K, 0% used [0x0000000027560000,0x0000000027560000,0x0000000027580000)
 PSOldGen        total 84224K, used 66437K [0x000000001d2a0000, 0x00000000224e0000, 0x00000000265a0000)
  object space 84224K, 78% used [0x000000001d2a0000,0x0000000021381630,0x00000000224e0000)
 PSPermGen       total 88896K, used 45118K [0x00000000152a0000, 0x000000001a970000, 0x000000001d2a0000)
  object space 88896K, 50% used [0x00000000152a0000,0x0000000017eaf908,0x000000001a970000)

Dynamic libraries:
0x0000000140000000 - 0x000000014002e000 	C:\Program Files\MATLAB\R2008b\bin\win64\MATLAB.exe
0x00000000774c0000 - 0x0000000077668000 	C:\Windows\SYSTEM32\ntdll.dll
0x00000000772a0000 - 0x00000000773be000 	C:\Windows\system32\kernel32.dll
0x000007fefd620000 - 0x000007fefd689000 	C:\Windows\system32\KERNELBASE.dll
0x0000000180000000 - 0x0000000180401000 	C:\Program Files\MATLAB\R2008b\bin\win64\libut.dll
0x000007fefded0000 - 0x000007fefdee7000 	C:\Windows\system32\imagehlp.dll
0x000007fefdf30000 - 0x000007fefdfcf000 	C:\Windows\system32\msvcrt.dll
0x0000000077680000 - 0x0000000077687000 	C:\Windows\system32\PSAPI.DLL
0x00000000011f0000 - 0x0000000001218000 	C:\Program Files\MATLAB\R2008b\bin\win64\LIBEXPAT.dll
0x0000000072b70000 - 0x0000000072c39000 	C:\Windows\WinSxS\amd64_microsoft.vc80.crt_1fc8b3b9a1e18e3b_8.0.50727.4918_none_88dbd2752fb28cf9\MSVCR80.dll
0x000000004a800000 - 0x000000004a917000 	C:\Program Files\MATLAB\R2008b\bin\win64\icuuc36.dll
0x000007fefdcc0000 - 0x000007fefdd9b000 	C:\Windows\system32\ADVAPI32.dll
0x000007fefe200000 - 0x000007fefe21f000 	C:\Windows\SYSTEM32\sechost.dll
0x000007fefd8a0000 - 0x000007fefd9cf000 	C:\Windows\system32\RPCRT4.dll
0x0000000001220000 - 0x0000000001223000 	C:\Program Files\MATLAB\R2008b\bin\win64\icudt36.dll
0x000000004ab00000 - 0x000000004ab0f000 	C:\Program Files\MATLAB\R2008b\bin\win64\icuio36.dll
0x0000000001250000 - 0x0000000001356000 	C:\Program Files\MATLAB\R2008b\bin\win64\icuin36.dll
0x0000000070b30000 - 0x0000000070c39000 	C:\Windows\WinSxS\amd64_microsoft.vc80.crt_1fc8b3b9a1e18e3b_8.0.50727.4918_none_88dbd2752fb28cf9\MSVCP80.dll
0x00000000773c0000 - 0x00000000774ba000 	C:\Windows\system32\USER32.dll
0x000007fefdfd0000 - 0x000007fefe037000 	C:\Windows\system32\GDI32.dll
0x000007fefdef0000 - 0x000007fefdefe000 	C:\Windows\system32\LPK.dll
0x000007fefe040000 - 0x000007fefe10a000 	C:\Windows\system32\USP10.dll
0x0000000001370000 - 0x00000000013b5000 	C:\Program Files\MATLAB\R2008b\bin\win64\libmwfl.dll
0x00000000013d0000 - 0x00000000013e3000 	C:\Program Files\MATLAB\R2008b\bin\win64\boost_signals-vc80-mt-1_34_1.dll
0x0000000001400000 - 0x0000000001410000 	C:\Program Files\MATLAB\R2008b\bin\win64\boost_thread-vc80-mt-1_34_1.dll
0x0000000001420000 - 0x000000000159e000 	C:\Program Files\MATLAB\R2008b\bin\win64\libmwservices.dll
0x00000000015b0000 - 0x0000000001624000 	C:\Program Files\MATLAB\R2008b\bin\win64\libmx.dll
0x0000000001640000 - 0x0000000001657000 	C:\Program Files\MATLAB\R2008b\bin\win64\zlib1.dll
0x0000000001660000 - 0x0000000001779000 	C:\Program Files\MATLAB\R2008b\bin\win64\libmwmathutil.dll
0x0000000001790000 - 0x00000000017e5000 	C:\Program Files\MATLAB\R2008b\bin\win64\mpath.dll
0x0000000001800000 - 0x0000000001841000 	C:\Program Files\MATLAB\R2008b\bin\win64\mlutil.dll
0x000007fef7100000 - 0x000007fef71a0000 	C:\Windows\WinSxS\amd64_microsoft.windows.common-controls_6595b64144ccf1df_5.82.7100.19_none_b330421ded4b1e5b\COMCTL32.dll
0x000007feff300000 - 0x000007feff396000 	C:\Windows\system32\comdlg32.dll
0x000007feff210000 - 0x000007feff280000 	C:\Windows\system32\SHLWAPI.dll
0x000007fefe480000 - 0x000007feff205000 	C:\Windows\system32\SHELL32.dll
0x000007fefac40000 - 0x000007fefac56000 	C:\Windows\system32\NETAPI32.dll
0x000007fefafc0000 - 0x000007fefafcc000 	C:\Windows\system32\netutils.dll
0x000007fefd1c0000 - 0x000007fefd1e3000 	C:\Windows\system32\srvcli.dll
0x000007fefaa50000 - 0x000007fefaa65000 	C:\Windows\system32\wkscli.dll
0x000007feff780000 - 0x000007feff7cd000 	C:\Windows\system32\WS2_32.dll
0x000007fefe110000 - 0x000007fefe118000 	C:\Windows\system32\NSI.dll
0x0000000001860000 - 0x00000000018b5000 	C:\Program Files\MATLAB\R2008b\bin\win64\mcr.dll
0x00000000018d0000 - 0x0000000001908000 	C:\Program Files\MATLAB\R2008b\bin\win64\iqm.dll
0x0000000001920000 - 0x00000000021e9000 	C:\Program Files\MATLAB\R2008b\bin\win64\m_interpreter.dll
0x0000000002200000 - 0x0000000002210000 	C:\Program Files\MATLAB\R2008b\bin\win64\libmex.dll
0x0000000002220000 - 0x00000000022ad000 	C:\Program Files\MATLAB\R2008b\bin\win64\m_dispatcher.dll
0x00000000022c0000 - 0x00000000022e5000 	C:\Program Files\MATLAB\R2008b\bin\win64\datasvcs.dll
0x0000000012000000 - 0x0000000012295000 	C:\Program Files\MATLAB\R2008b\bin\win64\xerces-c_2_7.dll
0x0000000002310000 - 0x00000000023a1000 	C:\Program Files\MATLAB\R2008b\bin\win64\profiler.dll
0x00000000023c0000 - 0x00000000023e5000 	C:\Program Files\MATLAB\R2008b\bin\win64\libmwmathrng.dll
0x0000000002400000 - 0x000000000241a000 	C:\Program Files\MATLAB\R2008b\bin\win64\m_pcodeio.dll
0x0000000002430000 - 0x0000000002479000 	C:\Program Files\MATLAB\R2008b\bin\win64\m_ir.dll
0x0000000002490000 - 0x0000000002a68000 	C:\Program Files\MATLAB\R2008b\bin\win64\m_parser.dll
0x0000000002a80000 - 0x0000000002a92000 	C:\Program Files\MATLAB\R2008b\bin\win64\ir_xfmr.dll
0x0000000002ab0000 - 0x0000000002d0c000 	C:\Program Files\MATLAB\R2008b\bin\win64\mcos.dll
0x0000000002d20000 - 0x0000000002d2c000 	C:\Program Files\MATLAB\R2008b\bin\win64\mtok.dll
0x0000000002d40000 - 0x0000000002d60000 	C:\Program Files\MATLAB\R2008b\bin\win64\m_pcodegen.dll
0x000007fef9450000 - 0x000007fef9575000 	C:\Windows\system32\dbghelp.dll
0x0000000002d70000 - 0x0000000002d92000 	C:\Program Files\MATLAB\R2008b\bin\win64\bridge.dll
0x0000000002db0000 - 0x0000000002e70000 	C:\Program Files\MATLAB\R2008b\bin\win64\udd.dll
0x0000000002e80000 - 0x0000000002fd4000 	C:\Program Files\MATLAB\R2008b\bin\win64\libmwgui.dll
0x0000000002ff0000 - 0x000000000325f000 	C:\Program Files\MATLAB\R2008b\bin\win64\hg.dll
0x0000000003270000 - 0x00000000032a1000 	C:\Program Files\MATLAB\R2008b\bin\win64\libmat.dll
0x00000000032c0000 - 0x00000000033c7000 	C:\Program Files\MATLAB\R2008b\bin\win64\libhdf5.dll
0x00000000033d0000 - 0x000000000342d000 	C:\Program Files\MATLAB\R2008b\bin\win64\jmi.dll
0x0000000003440000 - 0x000000000347f000 	C:\Program Files\MATLAB\R2008b\bin\win64\libmwhardcopy.dll
0x0000000003490000 - 0x00000000034e7000 	C:\Program Files\MATLAB\R2008b\bin\win64\libuij.dll
0x0000000003500000 - 0x00000000035ee000 	C:\Program Files\MATLAB\R2008b\bin\win64\libmwmathlinalg.dll
0x0000000003600000 - 0x00000000037e8000 	C:\Program Files\MATLAB\R2008b\bin\win64\libmwmathelem.dll
0x0000000003800000 - 0x0000000003856000 	C:\Program Files\MATLAB\R2008b\bin\win64\libmwmathcore.dll
0x0000000003870000 - 0x0000000003921000 	C:\Program Files\MATLAB\R2008b\bin\win64\libmwcholmod.dll
0x0000000003940000 - 0x000000000394d000 	C:\Program Files\MATLAB\R2008b\bin\win64\libmwamd.dll
0x0000000003960000 - 0x000000000396c000 	C:\Program Files\MATLAB\R2008b\bin\win64\libmwcolamd.dll
0x0000000003980000 - 0x0000000003994000 	C:\Program Files\MATLAB\R2008b\bin\win64\libmwblas.dll
0x00000000039b0000 - 0x00000000039c1000 	C:\Program Files\MATLAB\R2008b\bin\win64\libmwbinder.dll
0x00000000039e0000 - 0x0000000003a5d000 	C:\Program Files\MATLAB\R2008b\bin\win64\libmwlapack.dll
0x0000000003a70000 - 0x0000000003aa4000 	C:\Program Files\MATLAB\R2008b\bin\win64\libmwrookfastbp.dll
0x0000000003ac0000 - 0x0000000003aed000 	C:\Program Files\MATLAB\R2008b\bin\win64\libmwma57.dll
0x0000000010000000 - 0x00000000100d3000 	C:\Program Files\MATLAB\R2008b\bin\win64\libifcoremd.dll
0x0000000003b00000 - 0x0000000003d1d000 	C:\Program Files\MATLAB\R2008b\bin\win64\libmmd.dll
0x0000000003d20000 - 0x0000000003d30000 	C:\Program Files\MATLAB\R2008b\bin\win64\libmwcsparse.dll
0x0000000003d40000 - 0x0000000003e13000 	C:\Program Files\MATLAB\R2008b\bin\win64\libmwumfpack.dll
0x0000000003e30000 - 0x000000000406b000 	C:\Program Files\MATLAB\R2008b\bin\win64\uiw.dll
0x0000000004080000 - 0x000000000408a000 	C:\Program Files\MATLAB\R2008b\bin\win64\uinone.dll
0x000000006f580000 - 0x000000006f71c000 	C:\Windows\WinSxS\amd64_microsoft.vc80.mfc_1fc8b3b9a1e18e3b_8.0.50727.1833_none_8442d417329336b1\MFC80.DLL
0x000007fef8f00000 - 0x000007fef8f70000 	C:\Windows\system32\WINSPOOL.DRV
0x000007fefe220000 - 0x000007fefe423000 	C:\Windows\system32\ole32.dll
0x000007fefe120000 - 0x000007fefe1f7000 	C:\Windows\system32\OLEAUT32.dll
0x00000000040a0000 - 0x0000000004135000 	C:\Program Files\MATLAB\R2008b\bin\win64\udd_mi.dll
0x0000000004150000 - 0x0000000004168000 	C:\Program Files\MATLAB\R2008b\bin\win64\mwoles05.DLL
0x0000000004180000 - 0x00000000041ea000 	C:\Program Files\MATLAB\R2008b\bin\win64\comcli.dll
0x0000000073730000 - 0x0000000073750000 	C:\Windows\WinSxS\amd64_microsoft.vc80.atl_1fc8b3b9a1e18e3b_8.0.50727.4053_none_8a1a02152edb659b\ATL80.DLL
0x0000000004200000 - 0x000000000420e000 	C:\Program Files\MATLAB\R2008b\bin\win64\mlautoregister.dll
0x000007fefdf00000 - 0x000007fefdf2e000 	C:\Windows\system32\IMM32.DLL
0x000007fefdbb0000 - 0x000007fefdcb9000 	C:\Windows\system32\MSCTF.dll
0x0000000074f60000 - 0x0000000074f6d000 	C:\Windows\WinSxS\amd64_microsoft.vc80.mfcloc_1fc8b3b9a1e18e3b_8.0.50727.1833_none_bc1b16f50be25ff5\MFC80ENU.DLL
0x000007fefb740000 - 0x000007fefb796000 	C:\Windows\system32\uxtheme.dll
0x000007fefd430000 - 0x000007fefd43f000 	C:\Windows\system32\profapi.dll
0x000007fefc210000 - 0x000007fefc237000 	C:\Windows\system32\iphlpapi.dll
0x000007fefcc20000 - 0x000007fefcc2b000 	C:\Windows\system32\WINNSI.DLL
0x000007fefc7b0000 - 0x000007fefc80b000 	C:\Windows\system32\DNSAPI.dll
0x000007fefa980000 - 0x000007fefa991000 	C:\Windows\system32\dhcpcsvc6.DLL
0x000007fefcbe0000 - 0x000007fefcbf8000 	C:\Windows\system32\dhcpcsvc.DLL
0x0000000074f50000 - 0x0000000074f53000 	C:\Windows\system32\icmp.Dll
0x000007fefd320000 - 0x000007fefd32f000 	C:\Windows\system32\CRYPTBASE.dll
0x000000000cbc0000 - 0x000000000d16a000 	C:\Program Files\MATLAB\R2008b\sys\java\jre\win64\jre\bin\server\jvm.dll
0x000007fefb0a0000 - 0x000007fefb0db000 	C:\Windows\system32\WINMM.dll
0x0000000006bb0000 - 0x0000000006bba000 	C:\Program Files\MATLAB\R2008b\sys\java\jre\win64\jre\bin\hpi.dll
0x0000000006bd0000 - 0x0000000006bde000 	C:\Program Files\MATLAB\R2008b\sys\java\jre\win64\jre\bin\verify.dll
0x0000000006c60000 - 0x0000000006c87000 	C:\Program Files\MATLAB\R2008b\sys\java\jre\win64\jre\bin\java.dll
0x0000000006c90000 - 0x0000000006ca2000 	C:\Program Files\MATLAB\R2008b\sys\java\jre\win64\jre\bin\zip.dll
0x00000000071b0000 - 0x00000000071d1000 	C:\Program Files\MATLAB\R2008b\bin\win64\nativejava.dll
0x000000000f9b0000 - 0x000000000f9d1000 	C:\Program Files\MATLAB\R2008b\bin\win64\nativejmi.dll
0x0000000007120000 - 0x0000000007127000 	C:\Program Files\MATLAB\R2008b\bin\win64\nativeservices.dll
0x000000000fb20000 - 0x000000000fcbf000 	C:\Program Files\MATLAB\R2008b\sys\java\jre\win64\jre\bin\awt.dll
0x000007fefb220000 - 0x000007fefb239000 	C:\Windows\system32\dwmapi.dll
0x000000000fe40000 - 0x000000000feaa000 	C:\Program Files\MATLAB\R2008b\sys\java\jre\win64\jre\bin\fontmanager.dll
0x0000000011d70000 - 0x0000000011d87000 	C:\Program Files\MATLAB\R2008b\sys\java\jre\win64\jre\bin\net.dll
0x000007fefc920000 - 0x000007fefc974000 	C:\Windows\system32\mswsock.dll
0x000007fefcea0000 - 0x000007fefcea7000 	C:\Windows\System32\wship6.dll
0x0000000011da0000 - 0x0000000011dab000 	C:\Program Files\MATLAB\R2008b\sys\java\jre\win64\jre\bin\nio.dll
0x0000000011f30000 - 0x0000000011f37000 	C:\Program Files\MATLAB\R2008b\bin\win64\nativelmgr.dll
0x000000002d670000 - 0x000000002d6a5000 	C:\Program Files\MATLAB\R2008b\sys\java\jre\win64\jre\bin\jpeg.dll
0x000000002d730000 - 0x000000002d82f000 	C:\Program Files\MATLAB\R2008b\bin\win64\instutil.dll
0x000007fefb080000 - 0x000007fefb095000 	C:\Windows\system32\NLAapi.dll
0x000007fef7fd0000 - 0x000007fef7fdb000 	C:\Windows\System32\winrnr.dll
0x000007fef79e0000 - 0x000007fef79f5000 	C:\Windows\system32\napinsp.dll
0x000007fef79c0000 - 0x000007fef79d9000 	C:\Windows\system32\pnrpnsp.dll

VM Arguments:
jvm_args: -Xss512k -XX:PermSize=32M -Xms64m -XX:NewRatio=3 -XX:MaxPermSize=128M -Xmx196m -XX:MaxDirectMemorySize=2147400000 -Dsun.java2d.noddraw=true -Dsun.awt.nopixfmt=true -Xshare:off -Xrs -Djava.library.path=C:\Program Files\MATLAB\R2008b\bin\win64 vfprintf abort 
java_command: <unknown>
Launcher Type: generic

Environment Variables:
CLASSPATH=.;C:\Program Files (x86)\Java\jre6\lib\ext\QTJava.zip
PATH=ommonProgramFiles\Microsoft Shared\Windows Live;"C:\Program Files (x86)\Microsoft DirectX SDK (February 2006)\Utilities\Bin\x86";C:\Windows\system32;C:\Windows;C:\Windows\System32\Wbem;C:\Windows\System32\WindowsPowerShell\v1.0\;C:\Program Files (x86)\TC UP\PLUGINS\Library;C:\WATCOM\BINNT;C:\WATCOM\BINW;C:\Program Files (x86)\Microsoft SQL Server\100\Tools\Binn\;C:\Program Files\Microsoft SQL Server\100\Tools\Binn\;C:\Program Files\Microsoft SQL Server\100\DTS\Binn\;C:\Program Files (x86)\Microsoft SQL Server\100\Tools\Binn\VSShell\Common7\IDE\;C:\Program Files (x86)\Microsoft SQL Server\100\DTS\Binn\;C:\Program Files (x86)\Microsoft Visual Studio 9.0\Common7\IDE\PrivateAssemblies\;C:\Program Files\TortoiseSVN\bin;c:\Python\26;c:\ghc\ghc-6.10.3\bin;C:\Program Files\MATLAB\R2008b\bin;C:\Program Files\MATLAB\R2008b\bin\win64;C:\Program Files\Subversion\bin\;C:\apps\FME;C:\Program Files (x86)\Autodesk\Backburner\;C:\Program Files (x86)\Common Files\Autodesk Shared\;C:\Program Files (x86)\QuickTime\QTSystem\;C:\Program Files\Common Files\Microsoft Shared\Windows Live
USERNAME=Krzysiek
OS=Windows_NT
PROCESSOR_IDENTIFIER=Intel64 Family 6 Model 15 Stepping 13, GenuineIntel



---------------  S Y S T E M  ---------------

OS: Windows NT 6.1 Build 7100 

CPU:total 2 (2 cores per cpu, 1 threads per core) family 6 model 15 stepping 13, cmov, cx8, fxsr, mmx, sse, sse2, sse3, ssse3

Memory: 4k page, physical 4059136k(2377648k free), swap 8116364k(6458548k free)

vm_info: Java HotSpot(TM) 64-Bit Server VM (10.0-b19) for windows-amd64 JRE (1.6.0_04-b12), built on Dec 14 2007 00:44:23 by "java_re" with MS VC++ 8.0

time: Wed Feb 10 10:36:06 2010
elapsed time: 151433 seconds

